#
# A fatal error has been detected by the Java Runtime Environment:
#
#  SIGSEGV (0xb) at pc=0x00007f4a0c0478d0, pid=11489, tid=139956700702464
#
# JRE version: Java(TM) SE Runtime Environment (8.0_77-b03) (build 1.8.0_77-b03)
# Java VM: Java HotSpot(TM) 64-Bit Server VM (25.77-b03 mixed mode linux-amd64 compressed oops)
# Problematic frame:
# C  0x00007f4a0c0478d0
#
# Failed to write core dump. Core dumps have been disabled. To enable core dumping, try "ulimit -c unlimited" before starting Java again
#
# If you would like to submit a bug report, please visit:
#   http://bugreport.java.com/bugreport/crash.jsp
#

---------------  T H R E A D  ---------------

Current thread (0x00007f4a4c0cf800):  JavaThread "JDWP Transport Listener: dt_socket" daemon [_thread_in_vm, id=11507, stack(0x00007f4a355de000,0x00007f4a356df000)]

siginfo: si_signo: 11 (SIGSEGV), si_code: 2 (SEGV_ACCERR), si_addr: 0x00007f4a0c0478d0

Registers:
RAX=0x00007f4a0c04dad0, RBX=0x00007f4a0c000078, RCX=0x00007f4a532be2c0, RDX=0x00007f4a52897640
RSP=0x00007f4a356dd8c8, RBP=0x00007f4a356dd8e0, RSI=0x00007f4a4c0cf800, RDI=0x00007f4a0c000078
R8 =0x00007f4a4c0c7fe0, R9 =0x0000000000000000, R10=0x0000000000000001, R11=0x00007f4a0c00b610
R12=0x0000000000000017, R13=0x00007f4a0c000088, R14=0x00007f4a4c0cf800, R15=0x00007f4a356dd9e7
RIP=0x00007f4a0c0478d0, EFLAGS=0x0000000000010206, CSGSFS=0x002b000000000033, ERR=0x0000000000000015
  TRAPNO=0x000000000000000e

Top of Stack: (sp=0x00007f4a356dd8c8)
0x00007f4a356dd8c8:   00007f4a52188567 0000000000000074
0x00007f4a356dd8d8:   00007f4a4c0081b0 00007f4a356dd950
0x00007f4a356dd8e8:   00007f4a52018cae 00007f4a4c0081b0
0x00007f4a356dd8f8:   00007f4a356dd900 00007f4a4c0cf800
0x00007f4a356dd908:   0000000000000000 00007f4a00000000
0x00007f4a356dd918:   0000000000000000 00007f4a356dd930
0x00007f4a356dd928:   00007f4a50f95e40 00007f4a0c000088
0x00007f4a356dd938:   00007f4a356dd9e7 0000000000000000
0x00007f4a356dd948:   00007f4a356dd9e7 00007f4a356dd980
0x00007f4a356dd958:   00007f4a50d818c2 00007f4a356dd980
0x00007f4a356dd968:   00007f4a0c000088 00007f4a356dda50
0x00007f4a356dd978:   0000000000000000 00007f4a356dda10
0x00007f4a356dd988:   00007f4a50d62aa0 00007f4a356dd9c8
0x00007f4a356dd998:   00007f4a356dd9c0 00007f4a356dd9b8
0x00007f4a356dd9a8:   00007f4a356dd9dc 000000010c005360
0x00007f4a356dd9b8:   0000000000000000 0000000000000000
0x00007f4a356dd9c8:   0000000000000000 00007f4a0c012fe0
0x00007f4a356dd9d8:   00007f4a356dda50 0000000000000003
0x00007f4a356dd9e8:   0000000000000002 000000000000000f
0x00007f4a356dd9f8:   0000000000000002 00000000000f0200
0x00007f4a356dda08:   000000000000000f 00007f4a356ddc60
0x00007f4a356dda18:   00007f4a50d6d9c6 0000129600000013
0x00007f4a356dda28:   00007f4a520f0200 00007f4a04000fb0
0x00007f4a356dda38:   0000000000000000 00007f4a356dda50
0x00007f4a356dda48:   00007f4a356ddbe0 00007f4a356ddaa4
0x00007f4a356dda58:   00007f4a00000128 00007f4a356dda68
0x00007f4a356dda68:   0000000000000004 00007f4a356ddaa0
0x00007f4a356dda78:   0000000000000000 00007f0000000000
0x00007f4a356dda88:   000012960000001c 00007f4a0000db80
0x00007f4a356dda98:   00007f4a356ddaa0 0000000103000000
0x00007f4a356ddaa8:   0000002e00000000 362d636578652d07
0x00007f4a356ddab8:   000000f8b5000c4a 0000002100000000 

Instructions: (pc=0x00007f4a0c0478d0)
0x00007f4a0c0478b0:   00 00 00 00 00 00 00 00 00 00 00 00 00 00 00 00
0x00007f4a0c0478c0:   00 00 00 00 00 00 00 00 00 00 00 00 00 00 00 00
0x00007f4a0c0478d0:   20 00 00 00 00 00 00 00 01 10 00 00 00 00 00 00
0x00007f4a0c0478e0:   d0 54 04 0c 4a 7f 00 00 d0 30 04 0c 4a 7f 00 00 

Register to memory mapping:

RAX=0x00007f4a0c04dad0 is an unknown value
RBX=0x00007f4a0c000078 is an unknown value
RCX=0x00007f4a532be2c0: <offset 0x2182c0> in /lib/x86_64-linux-gnu/libpthread.so.0 at 0x00007f4a530a6000
RDX=0x00007f4a52897640: <offset 0xfb5640> in /usr/local/java/jdk1.8.0_77/jre/lib/amd64/server/libjvm.so at 0x00007f4a518e2000
RSP=0x00007f4a356dd8c8 is pointing into the stack for thread: 0x00007f4a4c0cf800
RBP=0x00007f4a356dd8e0 is pointing into the stack for thread: 0x00007f4a4c0cf800
RSI=0x00007f4a4c0cf800 is a thread
RDI=0x00007f4a0c000078 is an unknown value
R8 =0x00007f4a4c0c7fe0 is an unknown value
R9 =0x0000000000000000 is an unknown value
R10=0x0000000000000001 is an unknown value
R11=0x00007f4a0c00b610 is an unknown value
R12=0x0000000000000017 is an unknown value
R13=0x00007f4a0c000088 is an unknown value
R14=0x00007f4a4c0cf800 is a thread
R15=0x00007f4a356dd9e7 is pointing into the stack for thread: 0x00007f4a4c0cf800


Stack: [0x00007f4a355de000,0x00007f4a356df000],  sp=0x00007f4a356dd8c8,  free space=1022k
Native frames: (J=compiled Java code, j=interpreted, Vv=VM code, C=native code)
C  0x00007f4a0c0478d0
V  [libjvm.so+0x736cae]  jvmti_IsMethodSynthetic+0x2be
C  [libjdwp.so+0x258c2]  isMethodSynthetic+0x42
C  [libjdwp.so+0x6aa0]  methods1+0x1b0
C  [libjdwp.so+0x119c6]  debugLoop_run+0x2b6
C  [libjdwp.so+0x247ff]  attachThread+0x2f
V  [libjvm.so+0x7a3432]  JvmtiAgentThread::call_start_function()+0xc2
V  [libjvm.so+0xa69dcf]  JavaThread::thread_main_inner()+0xdf
V  [libjvm.so+0xa69efc]  JavaThread::run()+0x11c
V  [libjvm.so+0x91d9d8]  java_start(Thread*)+0x108
C  [libpthread.so.0+0x76ba]  start_thread+0xca


---------------  P R O C E S S  ---------------

Java Threads: ( => current thread )
  0x00007f4a4c011000 JavaThread "DestroyJavaVM" [_thread_blocked, id=11490, stack(0x00007f4a533c8000,0x00007f4a534c9000)]
  0x00007f49d13bf800 JavaThread "http-nio-8080-Acceptor" daemon [_thread_in_native, id=11554, stack(0x00007f49ccd8f000,0x00007f49cce90000)]
  0x00007f49d13bd800 JavaThread "http-nio-8080-ClientPoller" daemon [_thread_in_native, id=11553, stack(0x00007f49cce90000,0x00007f49ccf91000)]
  0x00007f49d13ba800 JavaThread "http-nio-8080-exec-10" daemon [_thread_blocked, id=11552, stack(0x00007f49ccf91000,0x00007f49cd092000)]
  0x00007f49d13b8800 JavaThread "http-nio-8080-exec-9" daemon [_thread_blocked, id=11551, stack(0x00007f49cd092000,0x00007f49cd193000)]
  0x00007f49d13b6800 JavaThread "http-nio-8080-exec-8" daemon [_thread_blocked, id=11550, stack(0x00007f49cd193000,0x00007f49cd294000)]
  0x00007f49d13b4800 JavaThread "http-nio-8080-exec-7" daemon [_thread_blocked, id=11549, stack(0x00007f49cd294000,0x00007f49cd395000)]
  0x00007f49d13b3000 JavaThread "http-nio-8080-exec-6" daemon [_thread_blocked, id=11548, stack(0x00007f49cd395000,0x00007f49cd496000)]
  0x00007f49d13b1000 JavaThread "http-nio-8080-exec-5" daemon [_thread_blocked, id=11547, stack(0x00007f49cd496000,0x00007f49cd597000)]
  0x00007f49d13af000 JavaThread "http-nio-8080-exec-4" daemon [_thread_blocked, id=11546, stack(0x00007f49cd597000,0x00007f49cd698000)]
  0x00007f49d13ad000 JavaThread "http-nio-8080-exec-3" daemon [_thread_blocked, id=11545, stack(0x00007f49cd698000,0x00007f49cd799000)]
  0x00007f49d13ab000 JavaThread "http-nio-8080-exec-2" daemon [_thread_blocked, id=11544, stack(0x00007f49cd799000,0x00007f49cd89a000)]
  0x00007f49d13a4000 JavaThread "http-nio-8080-exec-1" daemon [_thread_blocked, id=11543, stack(0x00007f49cd89a000,0x00007f49cd99b000)]
  0x00007f49d13a8800 JavaThread "http-nio-8080-BlockPoller" daemon [_thread_in_native, id=11542, stack(0x00007f49cd99b000,0x00007f49cda9c000)]
  0x00007f49d137f800 JavaThread "File Watcher" daemon [_thread_blocked, id=11541, stack(0x00007f49cda9c000,0x00007f49cdb9d000)]
  0x00007f49d0f2f000 JavaThread "Live Reload Server" daemon [_thread_in_native, id=11540, stack(0x00007f49ce19d000,0x00007f49ce29e000)]
  0x00007f49d0bc1000 JavaThread "HikariPool-1 housekeeper" daemon [_thread_blocked, id=11535, stack(0x00007f49ceb9f000,0x00007f49ceca0000)]
  0x00007f49d08a6000 JavaThread "mysql-cj-abandoned-connection-cleanup" daemon [_thread_blocked, id=11532, stack(0x00007f49cf6fd000,0x00007f49cf7fe000)]
  0x00007f49d0880800 JavaThread "container-0" [_thread_blocked, id=11531, stack(0x00007f49cf9fe000,0x00007f49cfaff000)]
  0x00007f49d42c7000 JavaThread "Catalina-utility-2" [_thread_blocked, id=11530, stack(0x00007f49cfaff000,0x00007f49cfc00000)]
  0x00007f49d0875800 JavaThread "Catalina-utility-1" [_thread_blocked, id=11529, stack(0x00007f49eccfc000,0x00007f49ecdfd000)]
  0x00007f4a4c59b000 JavaThread "RMI TCP Accept-0" daemon [_thread_in_native, id=11520, stack(0x00007f4a343a3000,0x00007f4a344a4000)]
  0x00007f4a4c57f000 JavaThread "RMI TCP Accept-37969" daemon [_thread_in_native, id=11519, stack(0x00007f4a344a4000,0x00007f4a345a5000)]
  0x00007f4a4c567000 JavaThread "RMI TCP Accept-0" daemon [_thread_in_native, id=11518, stack(0x00007f4a345a5000,0x00007f4a346a6000)]
  0x00007f4a4c0e5800 JavaThread "Service Thread" daemon [_thread_blocked, id=11517, stack(0x00007f4a34fd8000,0x00007f4a350d9000)]
  0x00007f4a4c0da000 JavaThread "C1 CompilerThread2" daemon [_thread_blocked, id=11516, stack(0x00007f4a350d9000,0x00007f4a351da000)]
  0x00007f4a4c0d8000 JavaThread "C2 CompilerThread1" daemon [_thread_blocked, id=11515, stack(0x00007f4a351da000,0x00007f4a352db000)]
  0x00007f4a4c0d5000 JavaThread "C2 CompilerThread0" daemon [_thread_blocked, id=11514, stack(0x00007f4a352db000,0x00007f4a353dc000)]
  0x00007f4a0c001000 JavaThread "JDWP Command Reader" daemon [_thread_in_native, id=11509, stack(0x00007f4a353dc000,0x00007f4a354dd000)]
  0x00007f4a4c0d3000 JavaThread "JDWP Event Helper Thread" daemon [_thread_blocked, id=11508, stack(0x00007f4a354dd000,0x00007f4a355de000)]
=>0x00007f4a4c0cf800 JavaThread "JDWP Transport Listener: dt_socket" daemon [_thread_in_vm, id=11507, stack(0x00007f4a355de000,0x00007f4a356df000)]
  0x00007f4a4c0c1000 JavaThread "Signal Dispatcher" daemon [_thread_blocked, id=11505, stack(0x00007f4a358e3000,0x00007f4a359e4000)]
  0x00007f4a4c08f000 JavaThread "Finalizer" daemon [_thread_blocked, id=11504, stack(0x00007f4a359e4000,0x00007f4a35ae5000)]
  0x00007f4a4c08a800 JavaThread "Reference Handler" daemon [_thread_blocked, id=11503, stack(0x00007f4a35ae5000,0x00007f4a35be6000)]

Other Threads:
  0x00007f4a4c082800 VMThread [stack: 0x00007f4a35be6000,0x00007f4a35ce7000] [id=11502]
  0x00007f4a4c5a0800 WatcherThread [stack: 0x00007f4a342a2000,0x00007f4a343a3000] [id=11521]

VM state:not at safepoint (normal execution)

VM Mutex/Monitor currently owned by a thread: None

Heap:
 PSYoungGen      total 346112K, used 60177K [0x00000000d7800000, 0x00000000f6b80000, 0x0000000100000000)
  eden space 326144K, 18% used [0x00000000d7800000,0x00000000db2c4498,0x00000000eb680000)
  from space 19968K, 0% used [0x00000000eb680000,0x00000000eb680000,0x00000000eca00000)
  to   space 19968K, 0% used [0x00000000f5800000,0x00000000f5800000,0x00000000f6b80000)
 ParOldGen       total 84992K, used 24156K [0x0000000086800000, 0x000000008bb00000, 0x00000000d7800000)
  object space 84992K, 28% used [0x0000000086800000,0x0000000087f973d0,0x000000008bb00000)
 Metaspace       used 58714K, capacity 61798K, committed 61976K, reserved 1101824K
  class space    used 8177K, capacity 8720K, committed 8744K, reserved 1048576K

Card table byte_map: [0x00007f4a3c658000,0x00007f4a3ca25000] byte_map_base: 0x00007f4a3c224000

Marking Bits: (ParMarkBitMap*) 0x00007f4a52897100
 Begin Bits: [0x00007f4a3810a000, 0x00007f4a39f6a000)
 End Bits:   [0x00007f4a39f6a000, 0x00007f4a3bdca000)

Polling page: 0x00007f4a534e7000

CodeCache: size=245760Kb used=8871Kb max_used=8927Kb free=236888Kb
 bounds [0x00007f4a3cde5000, 0x00007f4a3d6a5000, 0x00007f4a4bde5000]
 total_blobs=5077 nmethods=4487 adapters=510
 compilation: enabled

Compilation events (10 events):
Event: 131.396 Thread 0x00007f4a4c0da000 4551       1       org.springframework.boot.devtools.filewatch.FileSystemWatcher$Watcher::isDifferent (105 bytes)
Event: 131.397 Thread 0x00007f4a4c0da000 nmethod 4551 0x00007f4a3d2d5690 code [0x00007f4a3d2d58a0, 0x00007f4a3d2d5cc8]
Event: 131.397 Thread 0x00007f4a4c0da000 4552       1       org.springframework.boot.devtools.filewatch.FolderSnapshot::equals (46 bytes)
Event: 131.398 Thread 0x00007f4a4c0da000 nmethod 4552 0x00007f4a3d2d4fd0 code [0x00007f4a3d2d5160, 0x00007f4a3d2d5418]
Event: 143.158 Thread 0x00007f4a4c0da000 4553   !   1       java.util.concurrent.locks.AbstractQueuedSynchronizer::fullyRelease (54 bytes)
Event: 143.159 Thread 0x00007f4a4c0da000 nmethod 4553 0x00007f4a3d2d4890 code [0x00007f4a3d2d4a20, 0x00007f4a3d2d4d08]
Event: 157.158 Thread 0x00007f4a4c0da000 4554       1       java.util.concurrent.locks.AbstractQueuedSynchronizer::unparkSuccessor (84 bytes)
Event: 157.159 Thread 0x00007f4a4c0da000 nmethod 4554 0x00007f4a3d2b7f90 code [0x00007f4a3d2b8100, 0x00007f4a3d2b8308]
Event: 157.159 Thread 0x00007f4a4c0da000 4555       1       java.util.concurrent.locks.LockSupport::unpark (12 bytes)
Event: 157.160 Thread 0x00007f4a4c0da000 nmethod 4555 0x00007f4a3d2b7c90 code [0x00007f4a3d2b7e00, 0x00007f4a3d2b7f28]

GC Heap History (10 events):
Event: 1.928 GC heap before
{Heap before GC invocations=10 (full 1):
 PSYoungGen      total 237056K, used 18920K [0x00000000d7800000, 0x00000000e6f00000, 0x0000000100000000)
  eden space 225280K, 3% used [0x00000000d7800000,0x00000000d7efc688,0x00000000e5400000)
  from space 11776K, 99% used [0x00000000e6380000,0x00000000e6efdbf8,0x00000000e6f00000)
  to   space 13312K, 0% used [0x00000000e5500000,0x00000000e5500000,0x00000000e6200000)
 ParOldGen       total 44544K, used 7309K [0x0000000086800000, 0x0000000089380000, 0x00000000d7800000)
  object space 44544K, 16% used [0x0000000086800000,0x0000000086f23428,0x0000000089380000)
 Metaspace       used 33531K, capacity 35362K, committed 35496K, reserved 1079296K
  class space    used 4703K, capacity 5018K, committed 5032K, reserved 1048576K
Event: 1.932 GC heap after
Heap after GC invocations=10 (full 1):
 PSYoungGen      total 239616K, used 7815K [0x00000000d7800000, 0x00000000ed880000, 0x0000000100000000)
  eden space 226304K, 0% used [0x00000000d7800000,0x00000000d7800000,0x00000000e5500000)
  from space 13312K, 58% used [0x00000000e5500000,0x00000000e5ca1e30,0x00000000e6200000)
  to   space 13312K, 0% used [0x00000000ecb80000,0x00000000ecb80000,0x00000000ed880000)
 ParOldGen       total 44544K, used 7317K [0x0000000086800000, 0x0000000089380000, 0x00000000d7800000)
  object space 44544K, 16% used [0x0000000086800000,0x0000000086f25428,0x0000000089380000)
 Metaspace       used 33531K, capacity 35362K, committed 35496K, reserved 1079296K
  class space    used 4703K, capacity 5018K, committed 5032K, reserved 1048576K
}
Event: 1.932 GC heap before
{Heap before GC invocations=11 (full 2):
 PSYoungGen      total 239616K, used 7815K [0x00000000d7800000, 0x00000000ed880000, 0x0000000100000000)
  eden space 226304K, 0% used [0x00000000d7800000,0x00000000d7800000,0x00000000e5500000)
  from space 13312K, 58% used [0x00000000e5500000,0x00000000e5ca1e30,0x00000000e6200000)
  to   space 13312K, 0% used [0x00000000ecb80000,0x00000000ecb80000,0x00000000ed880000)
 ParOldGen       total 44544K, used 7317K [0x0000000086800000, 0x0000000089380000, 0x00000000d7800000)
  object space 44544K, 16% used [0x0000000086800000,0x0000000086f25428,0x0000000089380000)
 Metaspace       used 33531K, capacity 35362K, committed 35496K, reserved 1079296K
  class space    used 4703K, capacity 5018K, committed 5032K, reserved 1048576K
Event: 1.955 GC heap after
Heap after GC invocations=11 (full 2):
 PSYoungGen      total 239616K, used 0K [0x00000000d7800000, 0x00000000ed880000, 0x0000000100000000)
  eden space 226304K, 0% used [0x00000000d7800000,0x00000000d7800000,0x00000000e5500000)
  from space 13312K, 0% used [0x00000000e5500000,0x00000000e5500000,0x00000000e6200000)
  to   space 13312K, 0% used [0x00000000ecb80000,0x00000000ecb80000,0x00000000ed880000)
 ParOldGen       total 60416K, used 12715K [0x0000000086800000, 0x000000008a300000, 0x00000000d7800000)
  object space 60416K, 21% used [0x0000000086800000,0x000000008746aeb8,0x000000008a300000)
 Metaspace       used 33531K, capacity 35362K, committed 35496K, reserved 1079296K
  class space    used 4703K, capacity 5018K, committed 5032K, reserved 1048576K
}
Event: 10.338 GC heap before
{Heap before GC invocations=12 (full 2):
 PSYoungGen      total 239616K, used 226304K [0x00000000d7800000, 0x00000000ed880000, 0x0000000100000000)
  eden space 226304K, 100% used [0x00000000d7800000,0x00000000e5500000,0x00000000e5500000)
  from space 13312K, 0% used [0x00000000e5500000,0x00000000e5500000,0x00000000e6200000)
  to   space 13312K, 0% used [0x00000000ecb80000,0x00000000ecb80000,0x00000000ed880000)
 ParOldGen       total 60416K, used 12715K [0x0000000086800000, 0x000000008a300000, 0x00000000d7800000)
  object space 60416K, 21% used [0x0000000086800000,0x000000008746aeb8,0x000000008a300000)
 Metaspace       used 54472K, capacity 57562K, committed 57640K, reserved 1099776K
  class space    used 7647K, capacity 8190K, committed 8232K, reserved 1048576K
Event: 10.356 GC heap after
Heap after GC invocations=12 (full 2):
 PSYoungGen      total 339456K, used 13290K [0x00000000d7800000, 0x00000000edd80000, 0x0000000100000000)
  eden space 326144K, 0% used [0x00000000d7800000,0x00000000d7800000,0x00000000eb680000)
  from space 13312K, 99% used [0x00000000ecb80000,0x00000000ed87aa88,0x00000000ed880000)
  to   space 19968K, 0% used [0x00000000eb680000,0x00000000eb680000,0x00000000eca00000)
 ParOldGen       total 60416K, used 26544K [0x0000000086800000, 0x000000008a300000, 0x00000000d7800000)
  object space 60416K, 43% used [0x0000000086800000,0x00000000881ec3b8,0x000000008a300000)
 Metaspace       used 54472K, capacity 57562K, committed 57640K, reserved 1099776K
  class space    used 7647K, capacity 8190K, committed 8232K, reserved 1048576K
}
Event: 10.469 GC heap before
{Heap before GC invocations=13 (full 2):
 PSYoungGen      total 339456K, used 34713K [0x00000000d7800000, 0x00000000edd80000, 0x0000000100000000)
  eden space 326144K, 6% used [0x00000000d7800000,0x00000000d8cebb60,0x00000000eb680000)
  from space 13312K, 99% used [0x00000000ecb80000,0x00000000ed87aa88,0x00000000ed880000)
  to   space 19968K, 0% used [0x00000000eb680000,0x00000000eb680000,0x00000000eca00000)
 ParOldGen       total 60416K, used 26544K [0x0000000086800000, 0x000000008a300000, 0x00000000d7800000)
  object space 60416K, 43% used [0x0000000086800000,0x00000000881ec3b8,0x000000008a300000)
 Metaspace       used 55976K, capacity 59066K, committed 59160K, reserved 1099776K
  class space    used 7860K, capacity 8414K, committed 8488K, reserved 1048576K
Event: 10.477 GC heap after
Heap after GC invocations=13 (full 2):
 PSYoungGen      total 346112K, used 3397K [0x00000000d7800000, 0x00000000f6b80000, 0x0000000100000000)
  eden space 326144K, 0% used [0x00000000d7800000,0x00000000d7800000,0x00000000eb680000)
  from space 19968K, 17% used [0x00000000eb680000,0x00000000eb9d1750,0x00000000eca00000)
  to   space 19968K, 0% used [0x00000000f5800000,0x00000000f5800000,0x00000000f6b80000)
 ParOldGen       total 60416K, used 37537K [0x0000000086800000, 0x000000008a300000, 0x00000000d7800000)
  object space 60416K, 62% used [0x0000000086800000,0x0000000088ca87f8,0x000000008a300000)
 Metaspace       used 55976K, capacity 59066K, committed 59160K, reserved 1099776K
  class space    used 7860K, capacity 8414K, committed 8488K, reserved 1048576K
}
Event: 10.477 GC heap before
{Heap before GC invocations=14 (full 3):
 PSYoungGen      total 346112K, used 3397K [0x00000000d7800000, 0x00000000f6b80000, 0x0000000100000000)
  eden space 326144K, 0% used [0x00000000d7800000,0x00000000d7800000,0x00000000eb680000)
  from space 19968K, 17% used [0x00000000eb680000,0x00000000eb9d1750,0x00000000eca00000)
  to   space 19968K, 0% used [0x00000000f5800000,0x00000000f5800000,0x00000000f6b80000)
 ParOldGen       total 60416K, used 37537K [0x0000000086800000, 0x000000008a300000, 0x00000000d7800000)
  object space 60416K, 62% used [0x0000000086800000,0x0000000088ca87f8,0x000000008a300000)
 Metaspace       used 55976K, capacity 59066K, committed 59160K, reserved 1099776K
  class space    used 7860K, capacity 8414K, committed 8488K, reserved 1048576K
Event: 10.552 GC heap after
Heap after GC invocations=14 (full 3):
 PSYoungGen      total 346112K, used 0K [0x00000000d7800000, 0x00000000f6b80000, 0x0000000100000000)
  eden space 326144K, 0% used [0x00000000d7800000,0x00000000d7800000,0x00000000eb680000)
  from space 19968K, 0% used [0x00000000eb680000,0x00000000eb680000,0x00000000eca00000)
  to   space 19968K, 0% used [0x00000000f5800000,0x00000000f5800000,0x00000000f6b80000)
 ParOldGen       total 84992K, used 24156K [0x0000000086800000, 0x000000008bb00000, 0x00000000d7800000)
  object space 84992K, 28% used [0x0000000086800000,0x0000000087f973d0,0x000000008bb00000)
 Metaspace       used 55976K, capacity 59066K, committed 59160K, reserved 1099776K
  class space    used 7860K, capacity 8414K, committed 8488K, reserved 1048576K
}

Deoptimization events (0 events):
No events

Internal exceptions (10 events):
Event: 3.042 Thread 0x00007f49dc005800 Exception <a 'java/lang/ClassNotFoundException': org/springframework/beans/factory/AwareCustomizer> (0x00000000e277d918) thrown at [/HUDSON/workspace/8-2-build-linux-amd64/jdk8u77/6540/hotspot/src/share/vm/classfile/systemDictionary.cpp, line 210]
Event: 3.042 Thread 0x00007f49dc005800 Exception <a 'java/lang/ArrayIndexOutOfBoundsException'> (0x00000000e2784618) thrown at [/HUDSON/workspace/8-2-build-linux-amd64/jdk8u77/6540/hotspot/src/share/vm/runtime/sharedRuntime.cpp, line 605]
Event: 3.051 Thread 0x00007f49dc005800 Exception <a 'java/lang/ArrayIndexOutOfBoundsException'> (0x00000000e28d31b0) thrown at [/HUDSON/workspace/8-2-build-linux-amd64/jdk8u77/6540/hotspot/src/share/vm/runtime/sharedRuntime.cpp, line 605]
Event: 3.065 Thread 0x00007f49dc005800 Exception <a 'java/lang/ArrayIndexOutOfBoundsException'> (0x00000000e2bad6f8) thrown at [/HUDSON/workspace/8-2-build-linux-amd64/jdk8u77/6540/hotspot/src/share/vm/runtime/sharedRuntime.cpp, line 605]
Event: 3.106 Thread 0x00007f49dc005800 Exception <a 'java/lang/ArrayIndexOutOfBoundsException'> (0x00000000e341ddf0) thrown at [/HUDSON/workspace/8-2-build-linux-amd64/jdk8u77/6540/hotspot/src/share/vm/runtime/sharedRuntime.cpp, line 605]
Event: 3.106 Thread 0x00007f49dc005800 Exception <a 'java/lang/ArrayIndexOutOfBoundsException'> (0x00000000e341fbd8) thrown at [/HUDSON/workspace/8-2-build-linux-amd64/jdk8u77/6540/hotspot/src/share/vm/runtime/sharedRuntime.cpp, line 605]
Event: 3.106 Thread 0x00007f49dc005800 Exception <a 'java/lang/ArrayIndexOutOfBoundsException'> (0x00000000e3421fa8) thrown at [/HUDSON/workspace/8-2-build-linux-amd64/jdk8u77/6540/hotspot/src/share/vm/runtime/sharedRuntime.cpp, line 605]
Event: 3.122 Thread 0x00007f49dc005800 Exception <a 'java/lang/ArrayIndexOutOfBoundsException'> (0x00000000e369e248) thrown at [/HUDSON/workspace/8-2-build-linux-amd64/jdk8u77/6540/hotspot/src/share/vm/runtime/sharedRuntime.cpp, line 605]
Event: 10.317 Thread 0x00007f49d13a4000 Exception <a 'java/lang/IncompatibleClassChangeError': Found class java.lang.Object, but interface was expected> (0x00000000e5260a60) thrown at [/HUDSON/workspace/8-2-build-linux-amd64/jdk8u77/6540/hotspot/src/share/vm/interpreter/linkResolver.cpp, line 6
Event: 19.182 Thread 0x00007f49d13b3000 Exception <a 'java/lang/ArrayIndexOutOfBoundsException'> (0x00000000d8f0e2c8) thrown at [/HUDSON/workspace/8-2-build-linux-amd64/jdk8u77/6540/hotspot/src/share/vm/runtime/sharedRuntime.cpp, line 605]

Events (10 events):
Event: 64.591 Executing VM operation: GetOrSetLocal
Event: 64.591 Executing VM operation: GetOrSetLocal done
Event: 66.659 Executing VM operation: GetOrSetLocal
Event: 66.660 Executing VM operation: GetOrSetLocal done
Event: 67.251 Executing VM operation: GetOrSetLocal
Event: 67.251 Executing VM operation: GetOrSetLocal done
Event: 157.160 Thread 0x00007f4a4c0da000 flushing nmethod 0x00007f4a3d00ec50
Event: 157.160 Thread 0x00007f4a4c0da000 flushing nmethod 0x00007f4a3d018e10
Event: 161.734 Executing VM operation: RedefineClasses
Event: 161.751 Executing VM operation: RedefineClasses done


Dynamic libraries:
00400000-00401000 r-xp 00000000 08:03 9705925                            /usr/local/java/jdk1.8.0_77/bin/java
00600000-00601000 rw-p 00000000 08:03 9705925                            /usr/local/java/jdk1.8.0_77/bin/java
01ad3000-01af4000 rw-p 00000000 00:00 0                                  [heap]
86800000-8bb00000 rw-p 00000000 00:00 0 
8bb00000-d7800000 ---p 00000000 00:00 0 
d7800000-f6b80000 rw-p 00000000 00:00 0 
f6b80000-100000000 ---p 00000000 00:00 0 
100000000-10088a000 rw-p 00000000 00:00 0 
10088a000-140000000 ---p 00000000 00:00 0 
7f4978000000-7f4978021000 rw-p 00000000 00:00 0 
7f4978021000-7f497c000000 ---p 00000000 00:00 0 
7f4980000000-7f4980021000 rw-p 00000000 00:00 0 
7f4980021000-7f4984000000 ---p 00000000 00:00 0 
7f4984000000-7f4984021000 rw-p 00000000 00:00 0 
7f4984021000-7f4988000000 ---p 00000000 00:00 0 
7f4988000000-7f4988021000 rw-p 00000000 00:00 0 
7f4988021000-7f498c000000 ---p 00000000 00:00 0 
7f498c000000-7f498c021000 rw-p 00000000 00:00 0 
7f498c021000-7f4990000000 ---p 00000000 00:00 0 
7f4990000000-7f49901c0000 rw-p 00000000 00:00 0 
7f49901c0000-7f4994000000 ---p 00000000 00:00 0 
7f4994000000-7f4994021000 rw-p 00000000 00:00 0 
7f4994021000-7f4998000000 ---p 00000000 00:00 0 
7f4998000000-7f4998021000 rw-p 00000000 00:00 0 
7f4998021000-7f499c000000 ---p 00000000 00:00 0 
7f499c000000-7f499c021000 rw-p 00000000 00:00 0 
7f499c021000-7f49a0000000 ---p 00000000 00:00 0 
7f49a0000000-7f49a0021000 rw-p 00000000 00:00 0 
7f49a0021000-7f49a4000000 ---p 00000000 00:00 0 
7f49a4000000-7f49a4021000 rw-p 00000000 00:00 0 
7f49a4021000-7f49a8000000 ---p 00000000 00:00 0 
7f49a8000000-7f49a8021000 rw-p 00000000 00:00 0 
7f49a8021000-7f49ac000000 ---p 00000000 00:00 0 
7f49ac000000-7f49ac17b000 rw-p 00000000 00:00 0 
7f49ac17b000-7f49b0000000 ---p 00000000 00:00 0 
7f49b0000000-7f49b0021000 rw-p 00000000 00:00 0 
7f49b0021000-7f49b4000000 ---p 00000000 00:00 0 
7f49b4000000-7f49b428c000 rw-p 00000000 00:00 0 
7f49b428c000-7f49b8000000 ---p 00000000 00:00 0 
7f49b8000000-7f49b8021000 rw-p 00000000 00:00 0 
7f49b8021000-7f49bc000000 ---p 00000000 00:00 0 
7f49bc000000-7f49bc021000 rw-p 00000000 00:00 0 
7f49bc021000-7f49c0000000 ---p 00000000 00:00 0 
7f49c0000000-7f49c0021000 rw-p 00000000 00:00 0 
7f49c0021000-7f49c4000000 ---p 00000000 00:00 0 
7f49c4000000-7f49c4021000 rw-p 00000000 00:00 0 
7f49c4021000-7f49c8000000 ---p 00000000 00:00 0 
7f49c8000000-7f49c8021000 rw-p 00000000 00:00 0 
7f49c8021000-7f49cc000000 ---p 00000000 00:00 0 
7f49cc98f000-7f49ccb8f000 rw-p 00000000 00:00 0 
7f49ccb8f000-7f49ccd8b000 rw-p 00000000 00:00 0 
7f49ccd8b000-7f49ccd8f000 ---p 00000000 00:00 0 
7f49ccd8f000-7f49ccd92000 ---p 00000000 00:00 0 
7f49ccd92000-7f49cce90000 rw-p 00000000 00:00 0 
7f49cce90000-7f49cce93000 ---p 00000000 00:00 0 
7f49cce93000-7f49ccf91000 rw-p 00000000 00:00 0 
7f49ccf91000-7f49ccf94000 ---p 00000000 00:00 0 
7f49ccf94000-7f49cd092000 rw-p 00000000 00:00 0 
7f49cd092000-7f49cd095000 ---p 00000000 00:00 0 
7f49cd095000-7f49cd193000 rw-p 00000000 00:00 0 
7f49cd193000-7f49cd196000 ---p 00000000 00:00 0 
7f49cd196000-7f49cd294000 rw-p 00000000 00:00 0 
7f49cd294000-7f49cd297000 ---p 00000000 00:00 0 
7f49cd297000-7f49cd395000 rw-p 00000000 00:00 0 
7f49cd395000-7f49cd398000 ---p 00000000 00:00 0 
7f49cd398000-7f49cd496000 rw-p 00000000 00:00 0 
7f49cd496000-7f49cd499000 ---p 00000000 00:00 0 
7f49cd499000-7f49cd597000 rw-p 00000000 00:00 0 
7f49cd597000-7f49cd59a000 ---p 00000000 00:00 0 
7f49cd59a000-7f49cd698000 rw-p 00000000 00:00 0 
7f49cd698000-7f49cd69b000 ---p 00000000 00:00 0 
7f49cd69b000-7f49cd799000 rw-p 00000000 00:00 0 
7f49cd799000-7f49cd79c000 ---p 00000000 00:00 0 
7f49cd79c000-7f49cd89a000 rw-p 00000000 00:00 0 
7f49cd89a000-7f49cd89d000 ---p 00000000 00:00 0 
7f49cd89d000-7f49cd99b000 rw-p 00000000 00:00 0 
7f49cd99b000-7f49cd99e000 ---p 00000000 00:00 0 
7f49cd99e000-7f49cda9c000 rw-p 00000000 00:00 0 
7f49cda9c000-7f49cda9f000 ---p 00000000 00:00 0 
7f49cda9f000-7f49cdd9d000 rw-p 00000000 00:00 0 
7f49cdd9d000-7f49cdf9d000 rw-p 00000000 00:00 0 
7f49cdf9d000-7f49ce19d000 rw-p 00000000 00:00 0 
7f49ce19d000-7f49ce1a0000 ---p 00000000 00:00 0 
7f49ce1a0000-7f49ce49e000 rw-p 00000000 00:00 0 
7f49ce49e000-7f49ce69e000 rw-p 00000000 00:00 0 
7f49ce69e000-7f49ce89e000 rw-p 00000000 00:00 0 
7f49ce89e000-7f49ce8a1000 ---p 00000000 00:00 0 
7f49ce8a1000-7f49ceb9f000 rw-p 00000000 00:00 0 
7f49ceb9f000-7f49ceba2000 ---p 00000000 00:00 0 
7f49ceba2000-7f49ceea0000 rw-p 00000000 00:00 0 
7f49ceea0000-7f49ceeb6000 r-xp 00000000 08:03 49549753                   /lib/x86_64-linux-gnu/libgcc_s.so.1
7f49ceeb6000-7f49cf0b5000 ---p 00016000 08:03 49549753                   /lib/x86_64-linux-gnu/libgcc_s.so.1
7f49cf0b5000-7f49cf0b6000 rw-p 00015000 08:03 49549753                   /lib/x86_64-linux-gnu/libgcc_s.so.1
7f49cf0b6000-7f49cf0e8000 r-xp 00000000 08:03 10232421                   /usr/local/java/jdk1.8.0_77/jre/lib/amd64/libsunec.so
7f49cf0e8000-7f49cf2e7000 ---p 00032000 08:03 10232421                   /usr/local/java/jdk1.8.0_77/jre/lib/amd64/libsunec.so
7f49cf2e7000-7f49cf2ed000 rw-p 00031000 08:03 10232421                   /usr/local/java/jdk1.8.0_77/jre/lib/amd64/libsunec.so
7f49cf2ed000-7f49cf4fd000 rw-p 00000000 00:00 0 
7f49cf4fd000-7f49cf6fd000 rw-p 00000000 00:00 0 
7f49cf6fd000-7f49cf700000 ---p 00000000 00:00 0 
7f49cf700000-7f49cf9fe000 rw-p 00000000 00:00 0 
7f49cf9fe000-7f49cfa01000 ---p 00000000 00:00 0 
7f49cfa01000-7f49cfaff000 rw-p 00000000 00:00 0 
7f49cfaff000-7f49cfb02000 ---p 00000000 00:00 0 
7f49cfb02000-7f49cfe00000 rw-p 00000000 00:00 0 
7f49cfe00000-7f49d0000000 rw-p 00000000 00:00 0 
7f49d0000000-7f49d13e1000 rw-p 00000000 00:00 0 
7f49d13e1000-7f49d4000000 ---p 00000000 00:00 0 
7f49d4000000-7f49d42da000 rw-p 00000000 00:00 0 
7f49d42da000-7f49d8000000 ---p 00000000 00:00 0 
7f49d8000000-7f49d8021000 rw-p 00000000 00:00 0 
7f49d8021000-7f49dc000000 ---p 00000000 00:00 0 
7f49dc000000-7f49dc021000 rw-p 00000000 00:00 0 
7f49dc021000-7f49e0000000 ---p 00000000 00:00 0 
7f49e0000000-7f49e0021000 rw-p 00000000 00:00 0 
7f49e0021000-7f49e4000000 ---p 00000000 00:00 0 
7f49e4000000-7f49e4021000 rw-p 00000000 00:00 0 
7f49e4021000-7f49e8000000 ---p 00000000 00:00 0 
7f49e8000000-7f49e8021000 rw-p 00000000 00:00 0 
7f49e8021000-7f49ec000000 ---p 00000000 00:00 0 
7f49ec0f2000-7f49ec0f8000 r--s 0003f000 08:03 10094304                   /usr/local/java/jdk1.8.0_77/jre/lib/ext/sunjce_provider.jar
7f49ec0f8000-7f49ec0fc000 r--s 0003a000 08:03 10094301                   /usr/local/java/jdk1.8.0_77/jre/lib/ext/sunpkcs11.jar
7f49ec0fc000-7f49ec2fc000 rw-p 00000000 00:00 0 
7f49ec2fc000-7f49ec4fc000 rw-p 00000000 00:00 0 
7f49ec4fc000-7f49ec6fc000 rw-p 00000000 00:00 0 
7f49ec6fc000-7f49ec8fc000 rw-p 00000000 00:00 0 
7f49ec8fc000-7f49ecafc000 rw-p 00000000 00:00 0 
7f49ecafc000-7f49eccfc000 rw-p 00000000 00:00 0 
7f49eccfc000-7f49eccff000 ---p 00000000 00:00 0 
7f49eccff000-7f49ecdfd000 rw-p 00000000 00:00 0 
7f49ecdfd000-7f49ece00000 ---p 00000000 00:00 0 
7f49ece00000-7f49ecefe000 rw-p 00000000 00:00 0 
7f49ecefe000-7f49ecf01000 ---p 00000000 00:00 0 
7f49ecf01000-7f49f0000000 rw-p 00000000 00:00 0 
7f49f0000000-7f49f0611000 rw-p 00000000 00:00 0 
7f49f0611000-7f49f4000000 ---p 00000000 00:00 0 
7f49f4000000-7f49f4021000 rw-p 00000000 00:00 0 
7f49f4021000-7f49f8000000 ---p 00000000 00:00 0 
7f49f8000000-7f49f8026000 rw-p 00000000 00:00 0 
7f49f8026000-7f49fc000000 ---p 00000000 00:00 0 
7f49fc000000-7f49fc021000 rw-p 00000000 00:00 0 
7f49fc021000-7f4a00000000 ---p 00000000 00:00 0 
7f4a00000000-7f4a00021000 rw-p 00000000 00:00 0 
7f4a00021000-7f4a04000000 ---p 00000000 00:00 0 
7f4a04000000-7f4a04021000 rw-p 00000000 00:00 0 
7f4a04021000-7f4a08000000 ---p 00000000 00:00 0 
7f4a08000000-7f4a08021000 rw-p 00000000 00:00 0 
7f4a08021000-7f4a0c000000 ---p 00000000 00:00 0 
7f4a0c000000-7f4a0c2e5000 rw-p 00000000 00:00 0 
7f4a0c2e5000-7f4a10000000 ---p 00000000 00:00 0 
7f4a10000000-7f4a10021000 rw-p 00000000 00:00 0 
7f4a10021000-7f4a14000000 ---p 00000000 00:00 0 
7f4a14000000-7f4a14021000 rw-p 00000000 00:00 0 
7f4a14021000-7f4a18000000 ---p 00000000 00:00 0 
7f4a18000000-7f4a18027000 rw-p 00000000 00:00 0 
7f4a18027000-7f4a1c000000 ---p 00000000 00:00 0 
7f4a1c000000-7f4a1c04d000 rw-p 00000000 00:00 0 
7f4a1c04d000-7f4a20000000 ---p 00000000 00:00 0 
7f4a20000000-7f4a20021000 rw-p 00000000 00:00 0 
7f4a20021000-7f4a24000000 ---p 00000000 00:00 0 
7f4a24000000-7f4a24021000 rw-p 00000000 00:00 0 
7f4a24021000-7f4a28000000 ---p 00000000 00:00 0 
7f4a28000000-7f4a28021000 rw-p 00000000 00:00 0 
7f4a28021000-7f4a2c000000 ---p 00000000 00:00 0 
7f4a2c000000-7f4a2c021000 rw-p 00000000 00:00 0 
7f4a2c021000-7f4a30000000 ---p 00000000 00:00 0 
7f4a30000000-7f4a30021000 rw-p 00000000 00:00 0 
7f4a30021000-7f4a34000000 ---p 00000000 00:00 0 
7f4a34002000-7f4a34003000 r--s 00009000 08:03 10094294                   /usr/local/java/jdk1.8.0_77/jre/lib/ext/sunec.jar
7f4a34003000-7f4a34006000 r--s 0001a000 08:03 9965850                    /usr/local/java/jdk1.8.0_77/jre/lib/jce.jar
7f4a34006000-7f4a3400c000 r--s 002f8000 08:03 9965837                    /usr/local/java/jdk1.8.0_77/jre/lib/charsets.jar
7f4a3400c000-7f4a340a2000 r--s 01102000 08:03 10094297                   /usr/local/java/jdk1.8.0_77/jre/lib/ext/jfxrt.jar
7f4a340a2000-7f4a342a2000 rw-p 00000000 00:00 0 
7f4a342a2000-7f4a342a3000 ---p 00000000 00:00 0 
7f4a342a3000-7f4a343a3000 rw-p 00000000 00:00 0 
7f4a343a3000-7f4a343a6000 ---p 00000000 00:00 0 
7f4a343a6000-7f4a344a4000 rw-p 00000000 00:00 0 
7f4a344a4000-7f4a344a7000 ---p 00000000 00:00 0 
7f4a344a7000-7f4a345a5000 rw-p 00000000 00:00 0 
7f4a345a5000-7f4a345a8000 ---p 00000000 00:00 0 
7f4a345a8000-7f4a346a6000 rw-p 00000000 00:00 0 
7f4a346a6000-7f4a346aa000 r--s 00097000 08:03 9965844                    /usr/local/java/jdk1.8.0_77/jre/lib/jsse.jar
7f4a346aa000-7f4a346ab000 r--s 00009000 08:03 33824650                   /home/vishalkumar/.m2/repository/org/thymeleaf/extras/thymeleaf-extras-java8time/3.0.4.RELEASE/thymeleaf-extras-java8time-3.0.4.RELEASE.jar
7f4a346ab000-7f4a346ae000 r--s 00028000 08:03 33824648                   /home/vishalkumar/.m2/repository/org/unbescape/unbescape/1.1.6.RELEASE/unbescape-1.1.6.RELEASE.jar
7f4a346ae000-7f4a346b3000 r--s 00037000 08:03 33824646                   /home/vishalkumar/.m2/repository/org/attoparser/attoparser/2.0.5.RELEASE/attoparser-2.0.5.RELEASE.jar
7f4a346b3000-7f4a346c3000 r--s 000c5000 08:03 33824644                   /home/vishalkumar/.m2/repository/org/thymeleaf/thymeleaf/3.0.11.RELEASE/thymeleaf-3.0.11.RELEASE.jar
7f4a346c3000-7f4a346c8000 r--s 00027000 08:03 33824642                   /home/vishalkumar/.m2/repository/org/thymeleaf/thymeleaf-spring5/3.0.11.RELEASE/thymeleaf-spring5-3.0.11.RELEASE.jar
7f4a346c8000-7f4a346c9000 r--s 00000000 08:03 33824640                   /home/vishalkumar/.m2/repository/org/springframework/boot/spring-boot-starter-thymeleaf/2.2.1.RELEASE/spring-boot-starter-thymeleaf-2.2.1.RELEASE.jar
7f4a346c9000-7f4a346d5000 r--s 00061000 08:03 34081479                   /home/vishalkumar/.m2/repository/org/springframework/security/spring-security-core/5.2.1.RELEASE/spring-security-core-5.2.1.RELEASE.jar
7f4a346d5000-7f4a346d6000 r--s 00005000 08:03 34081477                   /home/vishalkumar/.m2/repository/org/springframework/spring-jcl/5.2.1.RELEASE/spring-jcl-5.2.1.RELEASE.jar
7f4a346d6000-7f4a346f1000 r--s 00143000 08:03 34081475                   /home/vishalkumar/.m2/repository/org/springframework/spring-core/5.2.1.RELEASE/spring-core-5.2.1.RELEASE.jar
7f4a346f1000-7f4a346f5000 r--s 00019000 08:03 34081443                   /home/vishalkumar/.m2/repository/jakarta/xml/bind/jakarta.xml.bind-api/2.3.2/jakarta.xml.bind-api-2.3.2.jar
7f4a346f5000-7f4a3470e000 r--s 00220000 08:03 34081427                   /home/vishalkumar/.m2/repository/mysql/mysql-connector-java/8.0.18/mysql-connector-java-8.0.18.jar
7f4a3470e000-7f4a34735000 r--s 0012c000 08:03 34081425                   /home/vishalkumar/.m2/repository/org/springframework/boot/spring-boot-autoconfigure/2.2.1.RELEASE/spring-boot-autoconfigure-2.2.1.RELEASE.jar
7f4a34735000-7f4a3474c000 r--s 000e7000 08:03 34081423                   /home/vishalkumar/.m2/repository/org/springframework/boot/spring-boot/2.2.1.RELEASE/spring-boot-2.2.1.RELEASE.jar
7f4a3474c000-7f4a34752000 r--s 00030000 08:03 34081421                   /home/vishalkumar/.m2/repository/org/springframework/boot/spring-boot-devtools/2.2.1.RELEASE/spring-boot-devtools-2.2.1.RELEASE.jar
7f4a34752000-7f4a34764000 r--s 000d5000 08:03 34081419                   /home/vishalkumar/.m2/repository/org/springframework/spring-webmvc/5.2.1.RELEASE/spring-webmvc-5.2.1.RELEASE.jar
7f4a34764000-7f4a34781000 r--s 0013d000 08:03 34081417                   /home/vishalkumar/.m2/repository/org/springframework/spring-web/5.2.1.RELEASE/spring-web-5.2.1.RELEASE.jar
7f4a34781000-7f4a3479e000 r--s 000fe000 08:03 34081415                   /home/vishalkumar/.m2/repository/org/hibernate/validator/hibernate-validator/6.0.18.Final/hibernate-validator-6.0.18.Final.jar
7f4a3479e000-7f4a347a3000 r--s 00012000 08:03 34081413                   /home/vishalkumar/.m2/repository/jakarta/validation/jakarta.validation-api/2.0.1/jakarta.validation-api-2.0.1.jar
7f4a347a3000-7f4a347a4000 r--s 00000000 08:03 34081411                   /home/vishalkumar/.m2/repository/org/springframework/boot/spring-boot-starter-validation/2.2.1.RELEASE/spring-boot-starter-validation-2.2.1.RELEASE.jar
7f4a347a4000-7f4a347a9000 r--s 0003c000 08:03 34081409                   /home/vishalkumar/.m2/repository/org/apache/tomcat/embed/tomcat-embed-websocket/9.0.27/tomcat-embed-websocket-9.0.27.jar
7f4a347a9000-7f4a347ae000 r--s 0003a000 08:03 34081407                   /home/vishalkumar/.m2/repository/org/apache/tomcat/embed/tomcat-embed-el/9.0.27/tomcat-embed-el-9.0.27.jar
7f4a347ae000-7f4a347d9000 r--s 0030b000 08:03 34081405                   /home/vishalkumar/.m2/repository/org/apache/tomcat/embed/tomcat-embed-core/9.0.27/tomcat-embed-core-9.0.27.jar
7f4a347d9000-7f4a347da000 r--s 00000000 08:03 34081403                   /home/vishalkumar/.m2/repository/org/springframework/boot/spring-boot-starter-tomcat/2.2.1.RELEASE/spring-boot-starter-tomcat-2.2.1.RELEASE.jar
7f4a347da000-7f4a347dc000 r--s 00001000 08:03 34081401                   /home/vishalkumar/.m2/repository/com/fasterxml/jackson/module/jackson-module-parameter-names/2.10.0/jackson-module-parameter-names-2.10.0.jar
7f4a347dc000-7f4a347df000 r--s 00017000 08:03 34081399                   /home/vishalkumar/.m2/repository/com/fasterxml/jackson/datatype/jackson-datatype-jsr310/2.10.0/jackson-datatype-jsr310-2.10.0.jar
7f4a347df000-7f4a347e1000 r--s 00007000 08:03 34081397                   /home/vishalkumar/.m2/repository/com/fasterxml/jackson/datatype/jackson-datatype-jdk8/2.10.0/jackson-datatype-jdk8-2.10.0.jar
7f4a347e1000-7f4a347e6000 r--s 00051000 08:03 34081395                   /home/vishalkumar/.m2/repository/com/fasterxml/jackson/core/jackson-core/2.10.0/jackson-core-2.10.0.jar
7f4a347e6000-7f4a347e9000 r--s 0000e000 08:03 34081393                   /home/vishalkumar/.m2/repository/com/fasterxml/jackson/core/jackson-annotations/2.10.0/jackson-annotations-2.10.0.jar
7f4a347e9000-7f4a347ff000 r--s 00141000 08:03 34081391                   /home/vishalkumar/.m2/repository/com/fasterxml/jackson/core/jackson-databind/2.10.0/jackson-databind-2.10.0.jar
7f4a347ff000-7f4a34800000 r--s 00000000 08:03 34081389                   /home/vishalkumar/.m2/repository/org/springframework/boot/spring-boot-starter-json/2.2.1.RELEASE/spring-boot-starter-json-2.2.1.RELEASE.jar
7f4a34800000-7f4a34801000 r--s 00000000 08:03 34081387                   /home/vishalkumar/.m2/repository/org/springframework/boot/spring-boot-starter-web/2.2.1.RELEASE/spring-boot-starter-web-2.2.1.RELEASE.jar
7f4a34801000-7f4a34806000 r--s 00040000 08:03 34081385                   /home/vishalkumar/.m2/repository/org/springframework/spring-expression/5.2.1.RELEASE/spring-expression-5.2.1.RELEASE.jar
7f4a34806000-7f4a34815000 r--s 0007c000 08:03 34081383                   /home/vishalkumar/.m2/repository/org/springframework/security/spring-security-web/5.2.1.RELEASE/spring-security-web-5.2.1.RELEASE.jar
7f4a34815000-7f4a34823000 r--s 000c4000 08:03 34081381                   /home/vishalkumar/.m2/repository/org/springframework/security/spring-security-config/5.2.1.RELEASE/spring-security-config-5.2.1.RELEASE.jar
7f4a34823000-7f4a3482c000 r--s 00052000 08:03 34081379                   /home/vishalkumar/.m2/repository/org/springframework/spring-aop/5.2.1.RELEASE/spring-aop-5.2.1.RELEASE.jar
7f4a3482c000-7f4a34833000 r--s 00044000 08:03 34081377                   /home/vishalkumar/.m2/repository/org/yaml/snakeyaml/1.25/snakeyaml-1.25.jar
7f4a34833000-7f4a34835000 r--s 00005000 08:03 34081375                   /home/vishalkumar/.m2/repository/jakarta/annotation/jakarta.annotation-api/1.3.5/jakarta.annotation-api-1.3.5.jar
7f4a34835000-7f4a34837000 r--s 00000000 08:03 34081373                   /home/vishalkumar/.m2/repository/org/slf4j/jul-to-slf4j/1.7.29/jul-to-slf4j-1.7.29.jar
7f4a34837000-7f4a3483d000 r--s 0003e000 08:03 33686362                   /home/vishalkumar/.m2/repository/org/apache/logging/log4j/log4j-api/2.12.1/log4j-api-2.12.1.jar
7f4a3483d000-7f4a3483f000 r--s 00003000 08:03 33951279                   /home/vishalkumar/.m2/repository/org/apache/logging/log4j/log4j-to-slf4j/2.12.1/log4j-to-slf4j-2.12.1.jar
7f4a3483f000-7f4a3484a000 r--s 00069000 08:03 33817738                   /home/vishalkumar/.m2/repository/ch/qos/logback/logback-core/1.2.3/logback-core-1.2.3.jar
7f4a3484a000-7f4a34850000 r--s 00041000 08:03 33817736                   /home/vishalkumar/.m2/repository/ch/qos/logback/logback-classic/1.2.3/logback-classic-1.2.3.jar
7f4a34850000-7f4a34851000 r--s 00000000 08:03 33819293                   /home/vishalkumar/.m2/repository/org/springframework/boot/spring-boot-starter-logging/2.2.1.RELEASE/spring-boot-starter-logging-2.2.1.RELEASE.jar
7f4a34851000-7f4a34852000 r--s 00000000 08:03 34081371                   /home/vishalkumar/.m2/repository/org/springframework/boot/spring-boot-starter/2.2.1.RELEASE/spring-boot-starter-2.2.1.RELEASE.jar
7f4a34852000-7f4a34853000 r--s 00000000 08:03 34081369                   /home/vishalkumar/.m2/repository/org/springframework/boot/spring-boot-starter-security/2.2.1.RELEASE/spring-boot-starter-security-2.2.1.RELEASE.jar
7f4a34853000-7f4a34855000 r--s 0000a000 08:03 34081367                   /home/vishalkumar/.m2/repository/org/springframework/spring-aspects/5.2.1.RELEASE/spring-aspects-5.2.1.RELEASE.jar
7f4a34855000-7f4a34857000 r--s 00009000 08:03 33294840                   /home/vishalkumar/.m2/repository/org/slf4j/slf4j-api/1.7.29/slf4j-api-1.7.29.jar
7f4a34857000-7f4a34864000 r--s 0009b000 08:03 34081365                   /home/vishalkumar/.m2/repository/org/springframework/spring-beans/5.2.1.RELEASE/spring-beans-5.2.1.RELEASE.jar
7f4a34864000-7f4a3486d000 r--s 00044000 08:03 34081363                   /home/vishalkumar/.m2/repository/org/springframework/spring-tx/5.2.1.RELEASE/spring-tx-5.2.1.RELEASE.jar
7f4a3486d000-7f4a34888000 r--s 0010e000 08:03 34081361                   /home/vishalkumar/.m2/repository/org/springframework/spring-context/5.2.1.RELEASE/spring-context-5.2.1.RELEASE.jar
7f4a34888000-7f4a3488d000 r--s 0002d000 08:03 34081359                   /home/vishalkumar/.m2/repository/org/springframework/spring-orm/5.2.1.RELEASE/spring-orm-5.2.1.RELEASE.jar
7f4a3488d000-7f4a348a6000 r--s 0010f000 08:03 34081357                   /home/vishalkumar/.m2/repository/org/springframework/data/spring-data-commons/2.2.1.RELEASE/spring-data-commons-2.2.1.RELEASE.jar
7f4a348a6000-7f4a348ae000 r--s 00052000 08:03 34081355                   /home/vishalkumar/.m2/repository/org/springframework/data/spring-data-jpa/2.2.1.RELEASE/spring-data-jpa-2.2.1.RELEASE.jar
7f4a348ae000-7f4a348b3000 r--s 00049000 08:03 34081353                   /home/vishalkumar/.m2/repository/com/sun/xml/fastinfoset/FastInfoset/1.2.16/FastInfoset-1.2.16.jar
7f4a348b3000-7f4a348b5000 r--s 00008000 08:03 34081351                   /home/vishalkumar/.m2/repository/org/jvnet/staxex/stax-ex/1.8.1/stax-ex-1.8.1.jar
7f4a348b5000-7f4a348b7000 r--s 00005000 08:03 34081349                   /home/vishalkumar/.m2/repository/com/sun/istack/istack-commons-runtime/3.0.8/istack-commons-runtime-3.0.8.jar
7f4a348b7000-7f4a348b9000 r--s 00010000 08:03 34081347                   /home/vishalkumar/.m2/repository/org/glassfish/jaxb/txw2/2.3.2/txw2-2.3.2.jar
7f4a348b9000-7f4a348ce000 r--s 000e3000 08:03 34081345                   /home/vishalkumar/.m2/repository/org/glassfish/jaxb/jaxb-runtime/2.3.2/jaxb-runtime-2.3.2.jar
7f4a348ce000-7f4a348d1000 r--s 00010000 08:03 34081343                   /home/vishalkumar/.m2/repository/org/hibernate/common/hibernate-commons-annotations/5.1.0.Final/hibernate-commons-annotations-5.1.0.Final.jar
7f4a348d1000-7f4a348d6000 r--s 0004b000 08:03 34081341                   /home/vishalkumar/.m2/repository/org/dom4j/dom4j/2.1.1/dom4j-2.1.1.jar
7f4a348d6000-7f4a348d9000 r--s 0002b000 08:03 33294180                   /home/vishalkumar/.m2/repository/org/jboss/jandex/2.0.5.Final/jandex-2.0.5.Final.jar
7f4a348d9000-7f4a34921000 r--s 002e9000 08:03 34081337                   /home/vishalkumar/.m2/repository/net/bytebuddy/byte-buddy/1.10.2/byte-buddy-1.10.2.jar
7f4a34921000-7f4a349a7000 r--s 0064e000 08:03 34081331                   /home/vishalkumar/.m2/repository/org/hibernate/hibernate-core/5.4.8.Final/hibernate-core-5.4.8.Final.jar
7f4a349a7000-7f4a349b8000 r-xp 00000000 08:03 10233510                   /usr/local/java/jdk1.8.0_77/jre/lib/amd64/libnio.so
7f4a349b8000-7f4a34bb7000 ---p 00011000 08:03 10233510                   /usr/local/java/jdk1.8.0_77/jre/lib/amd64/libnio.so
7f4a34bb7000-7f4a34bb8000 rw-p 00010000 08:03 10233510                   /usr/local/java/jdk1.8.0_77/jre/lib/amd64/libnio.so
7f4a34bb8000-7f4a34bce000 r-xp 00000000 08:03 10233446                   /usr/local/java/jdk1.8.0_77/jre/lib/amd64/libnet.so
7f4a34bce000-7f4a34dce000 ---p 00016000 08:03 10233446                   /usr/local/java/jdk1.8.0_77/jre/lib/amd64/libnet.so
7f4a34dce000-7f4a34dcf000 rw-p 00016000 08:03 10233446                   /usr/local/java/jdk1.8.0_77/jre/lib/amd64/libnet.so
7f4a34dcf000-7f4a34dd8000 r-xp 00000000 08:03 10233515                   /usr/local/java/jdk1.8.0_77/jre/lib/amd64/libmanagement.so
7f4a34dd8000-7f4a34fd7000 ---p 00009000 08:03 10233515                   /usr/local/java/jdk1.8.0_77/jre/lib/amd64/libmanagement.so
7f4a34fd7000-7f4a34fd8000 rw-p 00008000 08:03 10233515                   /usr/local/java/jdk1.8.0_77/jre/lib/amd64/libmanagement.so
7f4a34fd8000-7f4a34fdb000 ---p 00000000 00:00 0 
7f4a34fdb000-7f4a350d9000 rw-p 00000000 00:00 0 
7f4a350d9000-7f4a350dc000 ---p 00000000 00:00 0 
7f4a350dc000-7f4a351da000 rw-p 00000000 00:00 0 
7f4a351da000-7f4a351dd000 ---p 00000000 00:00 0 
7f4a351dd000-7f4a352db000 rw-p 00000000 00:00 0 
7f4a352db000-7f4a352de000 ---p 00000000 00:00 0 
7f4a352de000-7f4a353dc000 rw-p 00000000 00:00 0 
7f4a353dc000-7f4a353df000 ---p 00000000 00:00 0 
7f4a353df000-7f4a354dd000 rw-p 00000000 00:00 0 
7f4a354dd000-7f4a354e0000 ---p 00000000 00:00 0 
7f4a354e0000-7f4a355de000 rw-p 00000000 00:00 0 
7f4a355de000-7f4a355e1000 ---p 00000000 00:00 0 
7f4a355e1000-7f4a356df000 rw-p 00000000 00:00 0 
7f4a356df000-7f4a356e3000 r-xp 00000000 08:03 10232817                   /usr/local/java/jdk1.8.0_77/jre/lib/amd64/libdt_socket.so
7f4a356e3000-7f4a358e2000 ---p 00004000 08:03 10232817                   /usr/local/java/jdk1.8.0_77/jre/lib/amd64/libdt_socket.so
7f4a358e2000-7f4a358e3000 rw-p 00003000 08:03 10232817                   /usr/local/java/jdk1.8.0_77/jre/lib/amd64/libdt_socket.so
7f4a358e3000-7f4a358e6000 ---p 00000000 00:00 0 
7f4a358e6000-7f4a359e4000 rw-p 00000000 00:00 0 
7f4a359e4000-7f4a359e7000 ---p 00000000 00:00 0 
7f4a359e7000-7f4a35ae5000 rw-p 00000000 00:00 0 
7f4a35ae5000-7f4a35ae8000 ---p 00000000 00:00 0 
7f4a35ae8000-7f4a35be6000 rw-p 00000000 00:00 0 
7f4a35be6000-7f4a35be7000 ---p 00000000 00:00 0 
7f4a35be7000-7f4a372f0000 rw-p 00000000 00:00 0 
7f4a372f0000-7f4a374c8000 r--s 03d1e000 08:03 9965839                    /usr/local/java/jdk1.8.0_77/jre/lib/rt.jar
7f4a374c8000-7f4a3bdca000 rw-p 00000000 00:00 0 
7f4a3bdca000-7f4a3bdcb000 ---p 00000000 00:00 0 
7f4a3bdcb000-7f4a3becb000 rw-p 00000000 00:00 0 
7f4a3becb000-7f4a3becc000 ---p 00000000 00:00 0 
7f4a3becc000-7f4a3bfcc000 rw-p 00000000 00:00 0 
7f4a3bfcc000-7f4a3bfcd000 ---p 00000000 00:00 0 
7f4a3bfcd000-7f4a3c0cd000 rw-p 00000000 00:00 0 
7f4a3c0cd000-7f4a3c0ce000 ---p 00000000 00:00 0 
7f4a3c0ce000-7f4a3c1ce000 rw-p 00000000 00:00 0 
7f4a3c1ce000-7f4a3c1cf000 ---p 00000000 00:00 0 
7f4a3c1cf000-7f4a3c2cf000 rw-p 00000000 00:00 0 
7f4a3c2cf000-7f4a3c2d0000 ---p 00000000 00:00 0 
7f4a3c2d0000-7f4a3c3fa000 rw-p 00000000 00:00 0 
7f4a3c3fa000-7f4a3c658000 ---p 00000000 00:00 0 
7f4a3c658000-7f4a3c682000 rw-p 00000000 00:00 0 
7f4a3c682000-7f4a3c8e0000 ---p 00000000 00:00 0 
7f4a3c8e0000-7f4a3c9da000 rw-p 00000000 00:00 0 
7f4a3c9da000-7f4a3ca24000 ---p 00000000 00:00 0 
7f4a3ca24000-7f4a3ca48000 rw-p 00000000 00:00 0 
7f4a3ca48000-7f4a3cde5000 ---p 00000000 00:00 0 
7f4a3cde5000-7f4a3d6a5000 rwxp 00000000 00:00 0 
7f4a3d6a5000-7f4a4bde5000 ---p 00000000 00:00 0 
7f4a4bde5000-7f4a4bdff000 r-xp 00000000 08:03 10233440                   /usr/local/java/jdk1.8.0_77/jre/lib/amd64/libzip.so
7f4a4bdff000-7f4a4bfff000 ---p 0001a000 08:03 10233440                   /usr/local/java/jdk1.8.0_77/jre/lib/amd64/libzip.so
7f4a4bfff000-7f4a4c000000 rw-p 0001a000 08:03 10233440                   /usr/local/java/jdk1.8.0_77/jre/lib/amd64/libzip.so
7f4a4c000000-7f4a4c843000 rw-p 00000000 00:00 0 
7f4a4c843000-7f4a50000000 ---p 00000000 00:00 0 
7f4a50000000-7f4a50002000 r--s 0000f000 08:03 34081339                   /home/vishalkumar/.m2/repository/com/fasterxml/classmate/1.5.1/classmate-1.5.1.jar
7f4a50002000-7f4a50007000 r--s 00068000 08:03 33294176                   /home/vishalkumar/.m2/repository/antlr/antlr/2.7.7/antlr-2.7.7.jar
7f4a50007000-7f4a50020000 r--s 001da000 08:03 34081317                   /home/vishalkumar/.m2/repository/org/aspectj/aspectjweaver/1.9.4/aspectjweaver-1.9.4.jar
7f4a50020000-7f4a50041000 rw-p 00000000 00:00 0 
7f4a50041000-7f4a5004c000 r-xp 00000000 08:03 49545694                   /lib/x86_64-linux-gnu/libnss_files-2.23.so
7f4a5004c000-7f4a5024b000 ---p 0000b000 08:03 49545694                   /lib/x86_64-linux-gnu/libnss_files-2.23.so
7f4a5024b000-7f4a5024c000 r--p 0000a000 08:03 49545694                   /lib/x86_64-linux-gnu/libnss_files-2.23.so
7f4a5024c000-7f4a5024d000 rw-p 0000b000 08:03 49545694                   /lib/x86_64-linux-gnu/libnss_files-2.23.so
7f4a5024d000-7f4a50253000 rw-p 00000000 00:00 0 
7f4a50253000-7f4a5025e000 r-xp 00000000 08:03 49545698                   /lib/x86_64-linux-gnu/libnss_nis-2.23.so
7f4a5025e000-7f4a5045d000 ---p 0000b000 08:03 49545698                   /lib/x86_64-linux-gnu/libnss_nis-2.23.so
7f4a5045d000-7f4a5045e000 r--p 0000a000 08:03 49545698                   /lib/x86_64-linux-gnu/libnss_nis-2.23.so
7f4a5045e000-7f4a5045f000 rw-p 0000b000 08:03 49545698                   /lib/x86_64-linux-gnu/libnss_nis-2.23.so
7f4a5045f000-7f4a50475000 r-xp 00000000 08:03 49545678                   /lib/x86_64-linux-gnu/libnsl-2.23.so
7f4a50475000-7f4a50674000 ---p 00016000 08:03 49545678                   /lib/x86_64-linux-gnu/libnsl-2.23.so
7f4a50674000-7f4a50675000 r--p 00015000 08:03 49545678                   /lib/x86_64-linux-gnu/libnsl-2.23.so
7f4a50675000-7f4a50676000 rw-p 00016000 08:03 49545678                   /lib/x86_64-linux-gnu/libnsl-2.23.so
7f4a50676000-7f4a50678000 rw-p 00000000 00:00 0 
7f4a50678000-7f4a50680000 r-xp 00000000 08:03 49545689                   /lib/x86_64-linux-gnu/libnss_compat-2.23.so
7f4a50680000-7f4a5087f000 ---p 00008000 08:03 49545689                   /lib/x86_64-linux-gnu/libnss_compat-2.23.so
7f4a5087f000-7f4a50880000 r--p 00007000 08:03 49545689                   /lib/x86_64-linux-gnu/libnss_compat-2.23.so
7f4a50880000-7f4a50881000 rw-p 00008000 08:03 49545689                   /lib/x86_64-linux-gnu/libnss_compat-2.23.so
7f4a50881000-7f4a50b59000 r--p 00000000 08:03 9699470                    /usr/lib/locale/locale-archive
7f4a50b59000-7f4a50b5b000 r-xp 00000000 08:03 10232818                   /usr/local/java/jdk1.8.0_77/jre/lib/amd64/libnpt.so
7f4a50b5b000-7f4a50d5b000 ---p 00002000 08:03 10232818                   /usr/local/java/jdk1.8.0_77/jre/lib/amd64/libnpt.so
7f4a50d5b000-7f4a50d5c000 rw-p 00002000 08:03 10232818                   /usr/local/java/jdk1.8.0_77/jre/lib/amd64/libnpt.so
7f4a50d5c000-7f4a50d95000 r-xp 00000000 08:03 10233151                   /usr/local/java/jdk1.8.0_77/jre/lib/amd64/libjdwp.so
7f4a50d95000-7f4a50f94000 ---p 00039000 08:03 10233151                   /usr/local/java/jdk1.8.0_77/jre/lib/amd64/libjdwp.so
7f4a50f94000-7f4a50f96000 rw-p 00038000 08:03 10233151                   /usr/local/java/jdk1.8.0_77/jre/lib/amd64/libjdwp.so
7f4a50f96000-7f4a50fc0000 r-xp 00000000 08:03 10233435                   /usr/local/java/jdk1.8.0_77/jre/lib/amd64/libjava.so
7f4a50fc0000-7f4a511c0000 ---p 0002a000 08:03 10233435                   /usr/local/java/jdk1.8.0_77/jre/lib/amd64/libjava.so
7f4a511c0000-7f4a511c2000 rw-p 0002a000 08:03 10233435                   /usr/local/java/jdk1.8.0_77/jre/lib/amd64/libjava.so
7f4a511c2000-7f4a511cf000 r-xp 00000000 08:03 10233439                   /usr/local/java/jdk1.8.0_77/jre/lib/amd64/libverify.so
7f4a511cf000-7f4a513cf000 ---p 0000d000 08:03 10233439                   /usr/local/java/jdk1.8.0_77/jre/lib/amd64/libverify.so
7f4a513cf000-7f4a513d1000 rw-p 0000d000 08:03 10233439                   /usr/local/java/jdk1.8.0_77/jre/lib/amd64/libverify.so
7f4a513d1000-7f4a513d8000 r-xp 00000000 08:03 49545699                   /lib/x86_64-linux-gnu/librt-2.23.so
7f4a513d8000-7f4a515d7000 ---p 00007000 08:03 49545699                   /lib/x86_64-linux-gnu/librt-2.23.so
7f4a515d7000-7f4a515d8000 r--p 00006000 08:03 49545699                   /lib/x86_64-linux-gnu/librt-2.23.so
7f4a515d8000-7f4a515d9000 rw-p 00007000 08:03 49545699                   /lib/x86_64-linux-gnu/librt-2.23.so
7f4a515d9000-7f4a516e1000 r-xp 00000000 08:03 49545244                   /lib/x86_64-linux-gnu/libm-2.23.so
7f4a516e1000-7f4a518e0000 ---p 00108000 08:03 49545244                   /lib/x86_64-linux-gnu/libm-2.23.so
7f4a518e0000-7f4a518e1000 r--p 00107000 08:03 49545244                   /lib/x86_64-linux-gnu/libm-2.23.so
7f4a518e1000-7f4a518e2000 rw-p 00108000 08:03 49545244                   /lib/x86_64-linux-gnu/libm-2.23.so
7f4a518e2000-7f4a525a1000 r-xp 00000000 08:03 10232825                   /usr/local/java/jdk1.8.0_77/jre/lib/amd64/server/libjvm.so
7f4a525a1000-7f4a527a0000 ---p 00cbf000 08:03 10232825                   /usr/local/java/jdk1.8.0_77/jre/lib/amd64/server/libjvm.so
7f4a527a0000-7f4a52879000 rw-p 00cbe000 08:03 10232825                   /usr/local/java/jdk1.8.0_77/jre/lib/amd64/server/libjvm.so
7f4a52879000-7f4a528c2000 rw-p 00000000 00:00 0 
7f4a528c2000-7f4a52a82000 r-xp 00000000 08:03 49545681                   /lib/x86_64-linux-gnu/libc-2.23.so
7f4a52a82000-7f4a52c82000 ---p 001c0000 08:03 49545681                   /lib/x86_64-linux-gnu/libc-2.23.so
7f4a52c82000-7f4a52c86000 r--p 001c0000 08:03 49545681                   /lib/x86_64-linux-gnu/libc-2.23.so
7f4a52c86000-7f4a52c88000 rw-p 001c4000 08:03 49545681                   /lib/x86_64-linux-gnu/libc-2.23.so
7f4a52c88000-7f4a52c8c000 rw-p 00000000 00:00 0 
7f4a52c8c000-7f4a52c8f000 r-xp 00000000 08:03 49545683                   /lib/x86_64-linux-gnu/libdl-2.23.so
7f4a52c8f000-7f4a52e8e000 ---p 00003000 08:03 49545683                   /lib/x86_64-linux-gnu/libdl-2.23.so
7f4a52e8e000-7f4a52e8f000 r--p 00002000 08:03 49545683                   /lib/x86_64-linux-gnu/libdl-2.23.so
7f4a52e8f000-7f4a52e90000 rw-p 00003000 08:03 49545683                   /lib/x86_64-linux-gnu/libdl-2.23.so
7f4a52e90000-7f4a52ea5000 r-xp 00000000 08:03 9964343                    /usr/local/java/jdk1.8.0_77/lib/amd64/jli/libjli.so
7f4a52ea5000-7f4a530a5000 ---p 00015000 08:03 9964343                    /usr/local/java/jdk1.8.0_77/lib/amd64/jli/libjli.so
7f4a530a5000-7f4a530a6000 rw-p 00015000 08:03 9964343                    /usr/local/java/jdk1.8.0_77/lib/amd64/jli/libjli.so
7f4a530a6000-7f4a530be000 r-xp 00000000 08:03 49545680                   /lib/x86_64-linux-gnu/libpthread-2.23.so
7f4a530be000-7f4a532bd000 ---p 00018000 08:03 49545680                   /lib/x86_64-linux-gnu/libpthread-2.23.so
7f4a532bd000-7f4a532be000 r--p 00017000 08:03 49545680                   /lib/x86_64-linux-gnu/libpthread-2.23.so
7f4a532be000-7f4a532bf000 rw-p 00018000 08:03 49545680                   /lib/x86_64-linux-gnu/libpthread-2.23.so
7f4a532bf000-7f4a532c3000 rw-p 00000000 00:00 0 
7f4a532c3000-7f4a532e9000 r-xp 00000000 08:03 49545679                   /lib/x86_64-linux-gnu/ld-2.23.so
7f4a532e9000-7f4a532f3000 r--s 000b4000 08:03 34081335                   /home/vishalkumar/.m2/repository/org/javassist/javassist/3.24.0-GA/javassist-3.24.0-GA.jar
7f4a532f3000-7f4a532f5000 r--s 0000d000 08:03 34081333                   /home/vishalkumar/.m2/repository/org/jboss/logging/jboss-logging/3.4.1.Final/jboss-logging-3.4.1.Final.jar
7f4a532f5000-7f4a532f6000 r--s 00003000 08:03 34081329                   /home/vishalkumar/.m2/repository/jakarta/transaction/jakarta.transaction-api/1.3.3/jakarta.transaction-api-1.3.3.jar
7f4a532f6000-7f4a532fc000 r--s 00023000 08:03 34081327                   /home/vishalkumar/.m2/repository/jakarta/persistence/jakarta.persistence-api/2.2.3/jakarta.persistence-api-2.2.3.jar
7f4a532fc000-7f4a532fe000 r--s 00009000 08:03 34081325                   /home/vishalkumar/.m2/repository/jakarta/activation/jakarta.activation-api/1.2.1/jakarta.activation-api-1.2.1.jar
7f4a532fe000-7f4a533c8000 rw-p 00000000 00:00 0 
7f4a533c8000-7f4a533cb000 ---p 00000000 00:00 0 
7f4a533cb000-7f4a534ce000 rw-p 00000000 00:00 0 
7f4a534ce000-7f4a534d8000 r--s 0005a000 08:03 34081323                   /home/vishalkumar/.m2/repository/org/springframework/spring-jdbc/5.2.1.RELEASE/spring-jdbc-5.2.1.RELEASE.jar
7f4a534d8000-7f4a534db000 r--s 00023000 08:03 34081321                   /home/vishalkumar/.m2/repository/com/zaxxer/HikariCP/3.4.1/HikariCP-3.4.1.jar
7f4a534db000-7f4a534dc000 r--s 00000000 08:03 34081319                   /home/vishalkumar/.m2/repository/org/springframework/boot/spring-boot-starter-jdbc/2.2.1.RELEASE/spring-boot-starter-jdbc-2.2.1.RELEASE.jar
7f4a534dc000-7f4a534dd000 r--s 00000000 08:03 34081315                   /home/vishalkumar/.m2/repository/org/springframework/boot/spring-boot-starter-aop/2.2.1.RELEASE/spring-boot-starter-aop-2.2.1.RELEASE.jar
7f4a534dd000-7f4a534de000 r--s 00000000 08:03 34081313                   /home/vishalkumar/.m2/repository/org/springframework/boot/spring-boot-starter-data-jpa/2.2.1.RELEASE/spring-boot-starter-data-jpa-2.2.1.RELEASE.jar
7f4a534de000-7f4a534e6000 rw-s 00000000 08:03 33294623                   /tmp/hsperfdata_vishalkumar/11489
7f4a534e6000-7f4a534e7000 rw-p 00000000 00:00 0 
7f4a534e7000-7f4a534e8000 r--p 00000000 00:00 0 
7f4a534e8000-7f4a534e9000 r--p 00025000 08:03 49545679                   /lib/x86_64-linux-gnu/ld-2.23.so
7f4a534e9000-7f4a534ea000 rw-p 00026000 08:03 49545679                   /lib/x86_64-linux-gnu/ld-2.23.so
7f4a534ea000-7f4a534eb000 rw-p 00000000 00:00 0 
7ffecf2c2000-7ffecf2e5000 rw-p 00000000 00:00 0                          [stack]
7ffecf382000-7ffecf385000 r--p 00000000 00:00 0                          [vvar]
7ffecf385000-7ffecf387000 r-xp 00000000 00:00 0                          [vdso]
ffffffffff600000-ffffffffff601000 r-xp 00000000 00:00 0                  [vsyscall]

VM Arguments:
jvm_args: -agentlib:jdwp=transport=dt_socket,suspend=y,address=localhost:41861 -Dcom.sun.management.jmxremote -Dcom.sun.management.jmxremote.port=37969 -Dcom.sun.management.jmxremote.authenticate=false -Dcom.sun.management.jmxremote.ssl=false -Djava.rmi.server.hostname=localhost -Dspring.jmx.enabled=true -Dspring.liveBeansView.mbeanDomain -Dspring.application.admin.enabled=true -Djava.security.egd=file:/dev/./urandom -Xverify:none -XX:TieredStopAtLevel=1 -Dfile.encoding=UTF-8 
java_command: com.SpringSecurity.SpringSecurityAppApplication --spring.output.ansi.enabled=always
java_class_path (initial): /home/vishalkumar/git/SpringBootSecurity/SpringSecurityApp/target/classes:/home/vishalkumar/.m2/repository/org/springframework/boot/spring-boot-starter-data-jpa/2.2.1.RELEASE/spring-boot-starter-data-jpa-2.2.1.RELEASE.jar:/home/vishalkumar/.m2/repository/org/springframework/boot/spring-boot-starter-aop/2.2.1.RELEASE/spring-boot-starter-aop-2.2.1.RELEASE.jar:/home/vishalkumar/.m2/repository/org/aspectj/aspectjweaver/1.9.4/aspectjweaver-1.9.4.jar:/home/vishalkumar/.m2/repository/org/springframework/boot/spring-boot-starter-jdbc/2.2.1.RELEASE/spring-boot-starter-jdbc-2.2.1.RELEASE.jar:/home/vishalkumar/.m2/repository/com/zaxxer/HikariCP/3.4.1/HikariCP-3.4.1.jar:/home/vishalkumar/.m2/repository/org/springframework/spring-jdbc/5.2.1.RELEASE/spring-jdbc-5.2.1.RELEASE.jar:/home/vishalkumar/.m2/repository/jakarta/activation/jakarta.activation-api/1.2.1/jakarta.activation-api-1.2.1.jar:/home/vishalkumar/.m2/repository/jakarta/persistence/jakarta.persistence-api/2.2.3/jakarta.persistence-api-2.2.3.jar:/home/vishalkumar/.m2/repository/jakarta/transaction/jakarta.transaction-api/1.3.3/jakarta.transaction-api-1.3.3.jar:/home/vishalkumar/.m2/repository/org/hibernate/hibernate-core/5.4.8.Final/hibernate-core-5.4.8.Final.jar:/home/vishalkumar/.m2/repository/org/jboss/logging/jboss-logging/3.4.1.Final/jboss-logging-3.4.1.Final.jar:/home/vishalkumar/.m2/repository/org/javassist/javassist/3.24.0-GA/javassist-3.24.0-GA.jar:/home/vishalkumar/.m2/repository/net/bytebuddy/byte-buddy/1.10.2/byte-buddy-1.10.2.jar:/home/vishalkumar/.m2/repository/antlr/antlr/2.7.7/antlr-2.7.7.jar:/home/vishalkumar/.m2/repository/org/jboss/jandex/2.0.5.Final/jandex-2.0.5.Final.jar:/home/vishalkumar/.m2/repository/com/fasterxml/classmate/1.5.1/classmate-1.5.1.jar:/home/vishalkumar/.m2/repository/org/dom4j/dom4j/2.1.1/dom4j-2.1.1.jar:/home/vishalkumar/.m2/repository/org/hibernate/common/hibernate-commons-annotations/5.1.0.Final/hibernate-commons-annotations-5.1.0.Final.jar:/home/vis
Launcher Type: SUN_STANDARD

Environment Variables:
JAVA_HOME=/usr/local/java/jdk1.8.0_77
JRE_HOME=/usr/local/java/jdk1.8.0_77/jre
PATH=/home/vishalkumar/bin:/home/vishalkumar/.local/bin:/usr/local/sbin:/usr/local/bin:/usr/sbin:/usr/bin:/sbin:/bin:/usr/games:/usr/local/games:/snap/bin:/usr/local/java/jdk1.8.0_77/jre/bin:/usr/local/java/jdk1.8.0_77/bin
SHELL=/bin/bash
DISPLAY=:0

Signal Handlers:
SIGSEGV: [libjvm.so+0xabb070], sa_mask[0]=11111111011111111101111111111110, sa_flags=SA_RESTART|SA_SIGINFO
SIGBUS: [libjvm.so+0xabb070], sa_mask[0]=11111111011111111101111111111110, sa_flags=SA_RESTART|SA_SIGINFO
SIGFPE: [libjvm.so+0x918480], sa_mask[0]=11111111011111111101111111111110, sa_flags=SA_RESTART|SA_SIGINFO
SIGPIPE: [libjvm.so+0x918480], sa_mask[0]=11111111011111111101111111111110, sa_flags=SA_RESTART|SA_SIGINFO
SIGXFSZ: [libjvm.so+0x918480], sa_mask[0]=11111111011111111101111111111110, sa_flags=SA_RESTART|SA_SIGINFO
SIGILL: [libjvm.so+0x918480], sa_mask[0]=11111111011111111101111111111110, sa_flags=SA_RESTART|SA_SIGINFO
SIGUSR1: SIG_DFL, sa_mask[0]=00000000000000000000000000000000, sa_flags=none
SIGUSR2: [libjvm.so+0x919ab0], sa_mask[0]=00100000000000000000000000000000, sa_flags=SA_RESTART|SA_SIGINFO
SIGHUP: [libjvm.so+0x91aeb0], sa_mask[0]=11111111011111111101111111111110, sa_flags=SA_RESTART|SA_SIGINFO
SIGINT: [libjvm.so+0x91aeb0], sa_mask[0]=11111111011111111101111111111110, sa_flags=SA_RESTART|SA_SIGINFO
SIGTERM: [libjvm.so+0x91aeb0], sa_mask[0]=11111111011111111101111111111110, sa_flags=SA_RESTART|SA_SIGINFO
SIGQUIT: [libjvm.so+0x91aeb0], sa_mask[0]=11111111011111111101111111111110, sa_flags=SA_RESTART|SA_SIGINFO


---------------  S Y S T E M  ---------------

OS:DISTRIB_ID=Ubuntu
DISTRIB_RELEASE=16.04
DISTRIB_CODENAME=xenial
DISTRIB_DESCRIPTION="Ubuntu 16.04.3 LTS"

uname:Linux 4.15.0-70-generic #79~16.04.1-Ubuntu SMP Tue Nov 12 14:01:10 UTC 2019 x86_64
libc:glibc 2.23 NPTL 2.23 
rlimit: STACK 8192k, CORE 0k, NPROC 30668, NOFILE 1048576, AS infinity
load average:1.92 1.10 0.60

/proc/meminfo:
MemTotal:        7959572 kB
MemFree:         1599060 kB
MemAvailable:    3554388 kB
Buffers:          351960 kB
Cached:          2190772 kB
SwapCached:            0 kB
Active:          4357960 kB
Inactive:        1543392 kB
Active(anon):    3360208 kB
Inactive(anon):   525920 kB
Active(file):     997752 kB
Inactive(file):  1017472 kB
Unevictable:         168 kB
Mlocked:             168 kB
SwapTotal:       7969788 kB
SwapFree:        7969788 kB
Dirty:               424 kB
Writeback:             0 kB
AnonPages:       3359108 kB
Mapped:           701576 kB
Shmem:            527252 kB
Slab:             305176 kB
SReclaimable:     244632 kB
SUnreclaim:        60544 kB
KernelStack:       17504 kB
PageTables:        68960 kB
NFS_Unstable:          0 kB
Bounce:                0 kB
WritebackTmp:          0 kB
CommitLimit:    11949572 kB
Committed_AS:   11786040 kB
VmallocTotal:   34359738367 kB
VmallocUsed:           0 kB
VmallocChunk:          0 kB
HardwareCorrupted:     0 kB
AnonHugePages:         0 kB
ShmemHugePages:        0 kB
ShmemPmdMapped:        0 kB
CmaTotal:              0 kB
CmaFree:               0 kB
HugePages_Total:       0
HugePages_Free:        0
HugePages_Rsvd:        0
HugePages_Surp:        0
Hugepagesize:       2048 kB
DirectMap4k:      211544 kB
DirectMap2M:     6920192 kB
DirectMap1G:     1048576 kB


CPU:total 6 (6 cores per cpu, 1 threads per core) family 6 model 158 stepping 10, cmov, cx8, fxsr, mmx, sse, sse2, sse3, ssse3, sse4.1, sse4.2, popcnt, avx, avx2, aes, clmul, erms, rtm, 3dnowpref, lzcnt, tsc, tscinvbit, bmi1, bmi2, adx

/proc/cpuinfo:
processor	: 0
vendor_id	: GenuineIntel
cpu family	: 6
model		: 158
model name	: Intel(R) Core(TM) i5-8500 CPU @ 3.00GHz
stepping	: 10
microcode	: 0xca
cpu MHz		: 3900.122
cache size	: 9216 KB
physical id	: 0
siblings	: 6
core id		: 0
cpu cores	: 6
apicid		: 0
initial apicid	: 0
fpu		: yes
fpu_exception	: yes
cpuid level	: 22
wp		: yes
flags		: fpu vme de pse tsc msr pae mce cx8 apic sep mtrr pge mca cmov pat pse36 clflush dts acpi mmx fxsr sse sse2 ss ht tm pbe syscall nx pdpe1gb rdtscp lm constant_tsc art arch_perfmon pebs bts rep_good nopl xtopology nonstop_tsc cpuid aperfmperf tsc_known_freq pni pclmulqdq dtes64 monitor ds_cpl vmx smx est tm2 ssse3 sdbg fma cx16 xtpr pdcm pcid sse4_1 sse4_2 x2apic movbe popcnt tsc_deadline_timer aes xsave avx f16c rdrand lahf_lm abm 3dnowprefetch cpuid_fault epb invpcid_single pti ssbd ibrs ibpb stibp tpr_shadow vnmi flexpriority ept vpid fsgsbase tsc_adjust bmi1 hle avx2 smep bmi2 erms invpcid rtm mpx rdseed adx smap clflushopt intel_pt xsaveopt xsavec xgetbv1 xsaves dtherm ida arat pln pts hwp hwp_notify hwp_act_window hwp_epp md_clear flush_l1d
bugs		: cpu_meltdown spectre_v1 spectre_v2 spec_store_bypass l1tf mds swapgs taa itlb_multihit
bogomips	: 6000.00
clflush size	: 64
cache_alignment	: 64
address sizes	: 39 bits physical, 48 bits virtual
power management:

processor	: 1
vendor_id	: GenuineIntel
cpu family	: 6
model		: 158
model name	: Intel(R) Core(TM) i5-8500 CPU @ 3.00GHz
stepping	: 10
microcode	: 0xca
cpu MHz		: 3900.136
cache size	: 9216 KB
physical id	: 0
siblings	: 6
core id		: 1
cpu cores	: 6
apicid		: 2
initial apicid	: 2
fpu		: yes
fpu_exception	: yes
cpuid level	: 22
wp		: yes
flags		: fpu vme de pse tsc msr pae mce cx8 apic sep mtrr pge mca cmov pat pse36 clflush dts acpi mmx fxsr sse sse2 ss ht tm pbe syscall nx pdpe1gb rdtscp lm constant_tsc art arch_perfmon pebs bts rep_good nopl xtopology nonstop_tsc cpuid aperfmperf tsc_known_freq pni pclmulqdq dtes64 monitor ds_cpl vmx smx est tm2 ssse3 sdbg fma cx16 xtpr pdcm pcid sse4_1 sse4_2 x2apic movbe popcnt tsc_deadline_timer aes xsave avx f16c rdrand lahf_lm abm 3dnowprefetch cpuid_fault epb invpcid_single pti ssbd ibrs ibpb stibp tpr_shadow vnmi flexpriority ept vpid fsgsbase tsc_adjust bmi1 hle avx2 smep bmi2 erms invpcid rtm mpx rdseed adx smap clflushopt intel_pt xsaveopt xsavec xgetbv1 xsaves dtherm ida arat pln pts hwp hwp_notify hwp_act_window hwp_epp flush_l1d
bugs		: cpu_meltdown spectre_v1 spectre_v2 spec_store_bypass l1tf mds swapgs taa itlb_multihit
bogomips	: 6000.00
clflush size	: 64
cache_alignment	: 64
address sizes	: 39 bits physical, 48 bits virtual
power management:

processor	: 2
vendor_id	: GenuineIntel
cpu family	: 6
model		: 158
model name	: Intel(R) Core(TM) i5-8500 CPU @ 3.00GHz
stepping	: 10
microcode	: 0xca
cpu MHz		: 3900.059
cache size	: 9216 KB
physical id	: 0
siblings	: 6
core id		: 2
cpu cores	: 6
apicid		: 4
initial apicid	: 4
fpu		: yes
fpu_exception	: yes
cpuid level	: 22
wp		: yes
flags		: fpu vme de pse tsc msr pae mce cx8 apic sep mtrr pge mca cmov pat pse36 clflush dts acpi mmx fxsr sse sse2 ss ht tm pbe syscall nx pdpe1gb rdtscp lm constant_tsc art arch_perfmon pebs bts rep_good nopl xtopology nonstop_tsc cpuid aperfmperf tsc_known_freq pni pclmulqdq dtes64 monitor ds_cpl vmx smx est tm2 ssse3 sdbg fma cx16 xtpr pdcm pcid sse4_1 sse4_2 x2apic movbe popcnt tsc_deadline_timer aes xsave avx f16c rdrand lahf_lm abm 3dnowprefetch cpuid_fault epb invpcid_single pti ssbd ibrs ibpb stibp tpr_shadow vnmi flexpriority ept vpid fsgsbase tsc_adjust bmi1 hle avx2 smep bmi2 erms invpcid rtm mpx rdseed adx smap clflushopt intel_pt xsaveopt xsavec xgetbv1 xsaves dtherm ida arat pln pts hwp hwp_notify hwp_act_window hwp_epp flush_l1d
bugs		: cpu_meltdown spectre_v1 spectre_v2 spec_store_bypass l1tf mds swapgs taa itlb_multihit
bogomips	: 6000.00
clflush size	: 64
cache_alignment	: 64
address sizes	: 39 bits physical, 48 bits virtual
power management:

processor	: 3
vendor_id	: GenuineIntel
cpu family	: 6
model		: 158
model name	: Intel(R) Core(TM) i5-8500 CPU @ 3.00GHz
stepping	: 10
microcode	: 0xca
cpu MHz		: 3900.000
cache size	: 9216 KB
physical id	: 0
siblings	: 6
core id		: 3
cpu cores	: 6
apicid		: 6
initial apicid	: 6
fpu		: yes
fpu_exception	: yes
cpuid level	: 22
wp		: yes
flags		: fpu vme de pse tsc msr pae mce cx8 apic sep mtrr pge mca cmov pat pse36 clflush dts acpi mmx fxsr sse sse2 ss ht tm pbe syscall nx pdpe1gb rdtscp lm constant_tsc art arch_perfmon pebs bts rep_good nopl xtopology nonstop_tsc cpuid aperfmperf tsc_known_freq pni pclmulqdq dtes64 monitor ds_cpl vmx smx est tm2 ssse3 sdbg fma cx16 xtpr pdcm pcid sse4_1 sse4_2 x2apic movbe popcnt tsc_deadline_timer aes xsave avx f16c rdrand lahf_lm abm 3dnowprefetch cpuid_fault epb invpcid_single pti ssbd ibrs ibpb stibp tpr_shadow vnmi flexpriority ept vpid fsgsbase tsc_adjust bmi1 hle avx2 smep bmi2 erms invpcid rtm mpx rdseed adx smap clflushopt intel_pt xsaveopt xsavec xgetbv1 xsaves dtherm ida arat pln pts hwp hwp_notify hwp_act_window hwp_epp flush_l1d
bugs		: cpu_meltdown spectre_v1 spectre_v2 spec_store_bypass l1tf mds swapgs taa itlb_multihit
bogomips	: 6000.00
clflush size	: 64
cache_alignment	: 64
address sizes	: 39 bits physical, 48 bits virtual
power management:

processor	: 4
vendor_id	: GenuineIntel
cpu family	: 6
model		: 158
model name	: Intel(R) Core(TM) i5-8500 CPU @ 3.00GHz
stepping	: 10
microcode	: 0xca
cpu MHz		: 3900.118
cache size	: 9216 KB
physical id	: 0
siblings	: 6
core id		: 4
cpu cores	: 6
apicid		: 8
initial apicid	: 8
fpu		: yes
fpu_exception	: yes
cpuid level	: 22
wp		: yes
flags		: fpu vme de pse tsc msr pae mce cx8 apic sep mtrr pge mca cmov pat pse36 clflush dts acpi mmx fxsr sse sse2 ss ht tm pbe syscall nx pdpe1gb rdtscp lm constant_tsc art arch_perfmon pebs bts rep_good nopl xtopology nonstop_tsc cpuid aperfmperf tsc_known_freq pni pclmulqdq dtes64 monitor ds_cpl vmx smx est tm2 ssse3 sdbg fma cx16 xtpr pdcm pcid sse4_1 sse4_2 x2apic movbe popcnt tsc_deadline_timer aes xsave avx f16c rdrand lahf_lm abm 3dnowprefetch cpuid_fault epb invpcid_single pti ssbd ibrs ibpb stibp tpr_shadow vnmi flexpriority ept vpid fsgsbase tsc_adjust bmi1 hle avx2 smep bmi2 erms invpcid rtm mpx rdseed adx smap clflushopt intel_pt xsaveopt xsavec xgetbv1 xsaves dtherm ida arat pln pts hwp hwp_notify hwp_act_window hwp_epp flush_l1d
bugs		: cpu_meltdown spectre_v1 spectre_v2 spec_store_bypass l1tf mds swapgs taa itlb_multihit
bogomips	: 6000.00
clflush size	: 64
cache_alignment	: 64
address sizes	: 39 bits physical, 48 bits virtual
power management:

processor	: 5
vendor_id	: GenuineIntel
cpu family	: 6
model		: 158
model name	: Intel(R) Core(TM) i5-8500 CPU @ 3.00GHz
stepping	: 10
microcode	: 0xca
cpu MHz		: 3900.066
cache size	: 9216 KB
physical id	: 0
siblings	: 6
core id		: 5
cpu cores	: 6
apicid		: 10
initial apicid	: 10
fpu		: yes
fpu_exception	: yes
cpuid level	: 22
wp		: yes
flags		: fpu vme de pse tsc msr pae mce cx8 apic sep mtrr pge mca cmov pat pse36 clflush dts acpi mmx fxsr sse sse2 ss ht tm pbe syscall nx pdpe1gb rdtscp lm constant_tsc art arch_perfmon pebs bts rep_good nopl xtopology nonstop_tsc cpuid aperfmperf tsc_known_freq pni pclmulqdq dtes64 monitor ds_cpl vmx smx est tm2 ssse3 sdbg fma cx16 xtpr pdcm pcid sse4_1 sse4_2 x2apic movbe popcnt tsc_deadline_timer aes xsave avx f16c rdrand lahf_lm abm 3dnowprefetch cpuid_fault epb invpcid_single pti ssbd ibrs ibpb stibp tpr_shadow vnmi flexpriority ept vpid fsgsbase tsc_adjust bmi1 hle avx2 smep bmi2 erms invpcid rtm mpx rdseed adx smap clflushopt intel_pt xsaveopt xsavec xgetbv1 xsaves dtherm ida arat pln pts hwp hwp_notify hwp_act_window hwp_epp flush_l1d
bugs		: cpu_meltdown spectre_v1 spectre_v2 spec_store_bypass l1tf mds swapgs taa itlb_multihit
bogomips	: 6000.00
clflush size	: 64
cache_alignment	: 64
address sizes	: 39 bits physical, 48 bits virtual
power management:



Memory: 4k page, physical 7959572k(1599060k free), swap 7969788k(7969788k free)

vm_info: Java HotSpot(TM) 64-Bit Server VM (25.77-b03) for linux-amd64 JRE (1.8.0_77-b03), built on Mar 20 2016 22:00:46 by "java_re" with gcc 4.3.0 20080428 (Red Hat 4.3.0-8)

time: Mon Dec  9 16:13:51 2019
elapsed time: 161 seconds (0d 0h 2m 41s)

