#
# A fatal error has been detected by the Java Runtime Environment:
#
#  SIGSEGV (0xb) at pc=0x00007f5554022550, pid=14024, tid=140003909773056
#
# JRE version: Java(TM) SE Runtime Environment (8.0_77-b03) (build 1.8.0_77-b03)
# Java VM: Java HotSpot(TM) 64-Bit Server VM (25.77-b03 mixed mode linux-amd64 compressed oops)
# Problematic frame:
# V  [libjvm.so+0x8a6550]  Method::checked_resolve_jmethod_id(_jmethodID*)+0x20
#
# Failed to write core dump. Core dumps have been disabled. To enable core dumping, try "ulimit -c unlimited" before starting Java again
#
# If you would like to submit a bug report, please visit:
#   http://bugreport.java.com/bugreport/crash.jsp
#

---------------  T H R E A D  ---------------

Current thread (0x00007f554c0cf800):  JavaThread "JDWP Transport Listener: dt_socket" daemon [_thread_in_vm, id=14043, stack(0x00007f55333f2000,0x00007f55334f3000)]

siginfo: si_signo: 11 (SIGSEGV), si_code: 128 (SI_KERNEL), si_addr: 0x0000000000000000

Registers:
RAX=0x0000000000000001, RBX=0x00007f554c0081b0, RCX=0x00007f55551582c0, RDX=0x00007f5554731640
RSP=0x00007f55334f1950, RBP=0x00007f55334f1960, RSI=0x00007f554c0cf800, RDI=0x3b6e6f6974706563
R8 =0x00007f5508031090, R9 =0x0000000000000001, R10=0x0000000000000080, R11=0x00007f55548e3d08
R12=0x0000000000000017, R13=0x3b6e6f6974706563, R14=0x00007f554c0cf800, R15=0x00007f55334f1a67
RIP=0x00007f5554022550, EFLAGS=0x0000000000010206, CSGSFS=0x002b000000000033, ERR=0x0000000000000000
  TRAPNO=0x000000000000000d

Top of Stack: (sp=0x00007f55334f1950)
0x00007f55334f1950:   0000000000000074 00007f554c0081b0
0x00007f55334f1960:   00007f55334f19d0 00007f5553eb2cae
0x00007f55334f1970:   00007f55334f1990 00007f55334f1980
0x00007f55334f1980:   00007f554c0cf800 0000000000000000
0x00007f55334f1990:   00007f5500000000 0000000000000000
0x00007f55334f19a0:   00007f55334f19c0 00007f5552e2fe40
0x00007f55334f19b0:   3b6e6f6974706563 00007f55334f1a67
0x00007f55334f19c0:   0000000000000004 00007f55334f1a67
0x00007f55334f19d0:   00007f55334f1a00 00007f5552c1b8c2
0x00007f55334f19e0:   00007f55334f1a00 3b6e6f6974706563
0x00007f55334f19f0:   00007f55334f1ad0 0000000000000020
0x00007f55334f1a00:   00007f55334f1a90 00007f5552bfcaa0
0x00007f55334f1a10:   00007f55334f1a48 00007f55334f1a40
0x00007f55334f1a20:   00007f55334f1a38 00007f55334f1a5c
0x00007f55334f1a30:   0000000108033fe0 0000000000000000
0x00007f55334f1a40:   0000000000000000 0000000000000000
0x00007f55334f1a50:   00007f5508040d10 f000100a334f1ad0
0x00007f55334f1a60:   0100000000000006 0000000000000002
0x00007f55334f1a70:   000000000000000f 0000000000000002
0x00007f55334f1a80:   00000000000f0200 000000000000000f
0x00007f55334f1a90:   00007f55334f1ce0 00007f5552c079c6
0x00007f55334f1aa0:   0000826500000013 00007f55530f0200
0x00007f55334f1ab0:   00007f5500000fb0 0000000000000000
0x00007f55334f1ac0:   00007f55334f1ad0 00007f55334f1c60
0x00007f55334f1ad0:   00007f5508030e88 00007f5500000150
0x00007f55334f1ae0:   00007f5508030fe0 000000000000012c
0x00007f55334f1af0:   00007f55334f1b20 00007f5508030fe0
0x00007f55334f1b00:   00007f0000000000 000082650000000b
0x00007f55334f1b10:   00007f5500001c80 00007f55334f1b20
0x00007f55334f1b20:   557f000006000000 09000000d0e50308
0x00007f55334f1b30:   72756769666e6f63 6f4c284d00000065
0x00007f55334f1b40:   6e697270732f6772 6f77656d61726667 

Instructions: (pc=0x00007f5554022550)
0x00007f5554022530:   55 48 89 e5 53 48 83 ec 08 48 85 ff 75 12 31 db
0x00007f5554022540:   48 89 d8 48 83 c4 08 5b c9 c3 66 0f 1f 44 00 00
0x00007f5554022550:   48 8b 1f 48 85 db 74 e6 48 83 fb 37 74 e0 48 8b
0x00007f5554022560:   03 48 89 df ff 50 10 84 c0 0f 1f 80 00 00 00 00 

Register to memory mapping:

RAX=0x0000000000000001 is an unknown value
RBX=0x00007f554c0081b0 is an unknown value
RCX=0x00007f55551582c0: <offset 0x2182c0> in /lib/x86_64-linux-gnu/libpthread.so.0 at 0x00007f5554f40000
RDX=0x00007f5554731640: <offset 0xfb5640> in /usr/local/java/jdk1.8.0_77/jre/lib/amd64/server/libjvm.so at 0x00007f555377c000
RSP=0x00007f55334f1950 is pointing into the stack for thread: 0x00007f554c0cf800
RBP=0x00007f55334f1960 is pointing into the stack for thread: 0x00007f554c0cf800
RSI=0x00007f554c0cf800 is a thread
RDI=0x3b6e6f6974706563 is an unknown value
R8 =0x00007f5508031090 is an unknown value
R9 =0x0000000000000001 is an unknown value
R10=0x0000000000000080 is an unknown value
R11=0x00007f55548e3d08: <offset 0x187d08> in /lib/x86_64-linux-gnu/libc.so.6 at 0x00007f555475c000
R12=0x0000000000000017 is an unknown value
R13=0x3b6e6f6974706563 is an unknown value
R14=0x00007f554c0cf800 is a thread
R15=0x00007f55334f1a67 is pointing into the stack for thread: 0x00007f554c0cf800


Stack: [0x00007f55333f2000,0x00007f55334f3000],  sp=0x00007f55334f1950,  free space=1022k
Native frames: (J=compiled Java code, j=interpreted, Vv=VM code, C=native code)
V  [libjvm.so+0x8a6550]  Method::checked_resolve_jmethod_id(_jmethodID*)+0x20
V  [libjvm.so+0x736cae]  jvmti_IsMethodSynthetic+0x2be
C  [libjdwp.so+0x258c2]  isMethodSynthetic+0x42
C  [libjdwp.so+0x6aa0]  methods1+0x1b0
C  [libjdwp.so+0x119c6]  debugLoop_run+0x2b6
C  [libjdwp.so+0x247ff]  attachThread+0x2f
V  [libjvm.so+0x7a3432]  JvmtiAgentThread::call_start_function()+0xc2
V  [libjvm.so+0xa69dcf]  JavaThread::thread_main_inner()+0xdf
V  [libjvm.so+0xa69efc]  JavaThread::run()+0x11c
V  [libjvm.so+0x91d9d8]  java_start(Thread*)+0x108
C  [libpthread.so.0+0x76ba]  start_thread+0xca


---------------  P R O C E S S  ---------------

Java Threads: ( => current thread )
  0x00007f54d88ad800 JavaThread "HikariPool-4 housekeeper" daemon [_thread_blocked, id=14428, stack(0x00007f54bb2f9000,0x00007f54bb3fa000)]
  0x00007f54d93d0800 JavaThread "container-0" [_thread_blocked, id=14427, stack(0x00007f55307a1000,0x00007f55308a2000)]
  0x00007f54d93d6800 JavaThread "Catalina-utility-2" [_thread_blocked, id=14426, stack(0x00007f5531c39000,0x00007f5531d3a000)]
  0x00007f54d93c6800 JavaThread "Catalina-utility-1" [_thread_blocked, id=14425, stack(0x00007f54babf2000,0x00007f54bacf3000)]
  0x00007f5498004800 JavaThread "restartedMain" [_thread_blocked, id=14420, stack(0x00007f5531d3a000,0x00007f5531e3b000)]
  0x00007f54a4002800 JavaThread "Thread-14" [_thread_blocked, id=14416, stack(0x00007f54baef5000,0x00007f54baff6000)]
  0x00007f554c011000 JavaThread "DestroyJavaVM" [_thread_blocked, id=14028, stack(0x00007f5555262000,0x00007f5555363000)]
  0x00007f54d8f6b000 JavaThread "Live Reload Server" daemon [_thread_in_native, id=14084, stack(0x00007f552009f000,0x00007f55201a0000)]
  0x00007f54d88d6800 JavaThread "mysql-cj-abandoned-connection-cleanup" daemon [_thread_blocked, id=14074, stack(0x00007f55306a0000,0x00007f55307a1000)]
  0x00007f554c58b000 JavaThread "RMI TCP Accept-0" daemon [_thread_in_native, id=14056, stack(0x00007f553223d000,0x00007f553233e000)]
  0x00007f554c56e800 JavaThread "RMI TCP Accept-41419" daemon [_thread_in_native, id=14055, stack(0x00007f553233e000,0x00007f553243f000)]
  0x00007f554c557000 JavaThread "RMI TCP Accept-0" daemon [_thread_in_native, id=14054, stack(0x00007f553243f000,0x00007f5532540000)]
  0x00007f554c0e5800 JavaThread "Service Thread" daemon [_thread_blocked, id=14053, stack(0x00007f5532dec000,0x00007f5532eed000)]
  0x00007f554c0da000 JavaThread "C1 CompilerThread2" daemon [_thread_blocked, id=14052, stack(0x00007f5532eed000,0x00007f5532fee000)]
  0x00007f554c0d8000 JavaThread "C2 CompilerThread1" daemon [_thread_blocked, id=14051, stack(0x00007f5532fee000,0x00007f55330ef000)]
  0x00007f554c0d5000 JavaThread "C2 CompilerThread0" daemon [_thread_blocked, id=14050, stack(0x00007f55330ef000,0x00007f55331f0000)]
  0x00007f5508001000 JavaThread "JDWP Command Reader" daemon [_thread_in_native, id=14047, stack(0x00007f55331f0000,0x00007f55332f1000)]
  0x00007f554c0d3000 JavaThread "JDWP Event Helper Thread" daemon [_thread_blocked, id=14045, stack(0x00007f55332f1000,0x00007f55333f2000)]
=>0x00007f554c0cf800 JavaThread "JDWP Transport Listener: dt_socket" daemon [_thread_in_vm, id=14043, stack(0x00007f55333f2000,0x00007f55334f3000)]
  0x00007f554c0c1000 JavaThread "Signal Dispatcher" daemon [_thread_blocked, id=14041, stack(0x00007f55336f7000,0x00007f55337f8000)]
  0x00007f554c08f000 JavaThread "Finalizer" daemon [_thread_blocked, id=14040, stack(0x00007f55337f8000,0x00007f55338f9000)]
  0x00007f554c08a800 JavaThread "Reference Handler" daemon [_thread_blocked, id=14039, stack(0x00007f55338f9000,0x00007f55339fa000)]

Other Threads:
  0x00007f554c082800 VMThread [stack: 0x00007f55339fa000,0x00007f5533afb000] [id=14038]
  0x00007f554c590800 WatcherThread [stack: 0x00007f553213c000,0x00007f553223d000] [id=14057]

VM state:not at safepoint (normal execution)

VM Mutex/Monitor currently owned by a thread: None

Heap:
 PSYoungGen      total 468480K, used 161749K [0x00000000d7800000, 0x00000000f5300000, 0x0000000100000000)
  eden space 451584K, 35% used [0x00000000d7800000,0x00000000e15f54c0,0x00000000f3100000)
  from space 16896K, 0% used [0x00000000f4280000,0x00000000f4280000,0x00000000f5300000)
  to   space 17408K, 0% used [0x00000000f3100000,0x00000000f3100000,0x00000000f4200000)
 ParOldGen       total 88576K, used 25219K [0x0000000086800000, 0x000000008be80000, 0x00000000d7800000)
  object space 88576K, 28% used [0x0000000086800000,0x00000000880a0cd8,0x000000008be80000)
 Metaspace       used 60465K, capacity 64056K, committed 64152K, reserved 1103872K
  class space    used 8399K, capacity 9067K, committed 9128K, reserved 1048576K

Card table byte_map: [0x00007f5551533000,0x00007f5551900000] byte_map_base: 0x00007f55510ff000

Marking Bits: (ParMarkBitMap*) 0x00007f5554731100
 Begin Bits: [0x00007f5539340000, 0x00007f553b1a0000)
 End Bits:   [0x00007f553b1a0000, 0x00007f553d000000)

Polling page: 0x00007f5555381000

CodeCache: size=245760Kb used=12805Kb max_used=12805Kb free=232954Kb
 bounds [0x00007f553d000000, 0x00007f553dc90000, 0x00007f554c000000]
 total_blobs=7164 nmethods=6574 adapters=510
 compilation: enabled

Compilation events (10 events):
Event: 491.077 Thread 0x00007f554c0da000 6681   !   1       com.sun.proxy.$Proxy42::annotationType (29 bytes)
Event: 491.078 Thread 0x00007f554c0da000 nmethod 6681 0x00007f553dc83650 code [0x00007f553dc837e0, 0x00007f553dc83a58]
Event: 491.078 Thread 0x00007f554c0da000 6682       1       sun.reflect.generics.tree.Wildcard::getUpperBounds (5 bytes)
Event: 491.078 Thread 0x00007f554c0da000 nmethod 6682 0x00007f553dc83bd0 code [0x00007f553dc83d20, 0x00007f553dc83e30]
Event: 491.078 Thread 0x00007f554c0da000 6683   !   1       com.sun.proxy.$Proxy30::value (29 bytes)
Event: 491.078 Thread 0x00007f554c0da000 nmethod 6683 0x00007f553dc83e90 code [0x00007f553dc84020, 0x00007f553dc84298]
Event: 491.084 Thread 0x00007f554c0da000 6684       1       java.lang.reflect.Parameter::<init> (36 bytes)
Event: 491.084 Thread 0x00007f554c0da000 nmethod 6684 0x00007f553dc84410 code [0x00007f553dc84560, 0x00007f553dc846f0]
Event: 491.085 Thread 0x00007f554c0da000 6685       1       org.springframework.expression.common.TemplateAwareExpressionParser::isSuffixHere (64 bytes)
Event: 491.085 Thread 0x00007f554c0da000 nmethod 6685 0x00007f553dc84750 code [0x00007f553dc84900, 0x00007f553dc84c18]

GC Heap History (10 events):
Event: 141.755 GC heap before
{Heap before GC invocations=16 (full 4):
 PSYoungGen      total 466432K, used 4125K [0x00000000d7800000, 0x00000000f5600000, 0x0000000100000000)
  eden space 446976K, 0% used [0x00000000d7800000,0x00000000d7800000,0x00000000f2c80000)
  from space 19456K, 21% used [0x00000000f3f00000,0x00000000f43077c8,0x00000000f5200000)
  to   space 18944K, 0% used [0x00000000f2c80000,0x00000000f2c80000,0x00000000f3f00000)
 ParOldGen       total 88576K, used 24670K [0x0000000086800000, 0x000000008be80000, 0x00000000d7800000)
  object space 88576K, 27% used [0x0000000086800000,0x00000000880178f0,0x000000008be80000)
 Metaspace       used 59372K, capacity 62608K, committed 62616K, reserved 1103872K
  class space    used 8284K, capacity 8868K, committed 8872K, reserved 1048576K
Event: 141.871 GC heap after
Heap after GC invocations=16 (full 4):
 PSYoungGen      total 466432K, used 0K [0x00000000d7800000, 0x00000000f5600000, 0x0000000100000000)
  eden space 446976K, 0% used [0x00000000d7800000,0x00000000d7800000,0x00000000f2c80000)
  from space 19456K, 0% used [0x00000000f3f00000,0x00000000f3f00000,0x00000000f5200000)
  to   space 18944K, 0% used [0x00000000f2c80000,0x00000000f2c80000,0x00000000f3f00000)
 ParOldGen       total 88576K, used 25409K [0x0000000086800000, 0x000000008be80000, 0x00000000d7800000)
  object space 88576K, 28% used [0x0000000086800000,0x00000000880d0400,0x000000008be80000)
 Metaspace       used 59372K, capacity 62608K, committed 62616K, reserved 1103872K
  class space    used 8284K, capacity 8868K, committed 8872K, reserved 1048576K
}
Event: 218.962 GC heap before
{Heap before GC invocations=17 (full 4):
 PSYoungGen      total 466432K, used 216797K [0x00000000d7800000, 0x00000000f5600000, 0x0000000100000000)
  eden space 446976K, 48% used [0x00000000d7800000,0x00000000e4bb7708,0x00000000f2c80000)
  from space 19456K, 0% used [0x00000000f3f00000,0x00000000f3f00000,0x00000000f5200000)
  to   space 18944K, 0% used [0x00000000f2c80000,0x00000000f2c80000,0x00000000f3f00000)
 ParOldGen       total 88576K, used 25409K [0x0000000086800000, 0x000000008be80000, 0x00000000d7800000)
  object space 88576K, 28% used [0x0000000086800000,0x00000000880d0400,0x000000008be80000)
 Metaspace       used 59838K, capacity 63210K, committed 63512K, reserved 1103872K
  class space    used 8335K, capacity 8948K, committed 9000K, reserved 1048576K
Event: 218.968 GC heap after
Heap after GC invocations=17 (full 4):
 PSYoungGen      total 465920K, used 6676K [0x00000000d7800000, 0x00000000f5400000, 0x0000000100000000)
  eden space 446976K, 0% used [0x00000000d7800000,0x00000000d7800000,0x00000000f2c80000)
  from space 18944K, 35% used [0x00000000f2c80000,0x00000000f33052e8,0x00000000f3f00000)
  to   space 17920K, 0% used [0x00000000f4280000,0x00000000f4280000,0x00000000f5400000)
 ParOldGen       total 88576K, used 25417K [0x0000000086800000, 0x000000008be80000, 0x00000000d7800000)
  object space 88576K, 28% used [0x0000000086800000,0x00000000880d2400,0x000000008be80000)
 Metaspace       used 59838K, capacity 63210K, committed 63512K, reserved 1103872K
  class space    used 8335K, capacity 8948K, committed 9000K, reserved 1048576K
}
Event: 218.968 GC heap before
{Heap before GC invocations=18 (full 5):
 PSYoungGen      total 465920K, used 6676K [0x00000000d7800000, 0x00000000f5400000, 0x0000000100000000)
  eden space 446976K, 0% used [0x00000000d7800000,0x00000000d7800000,0x00000000f2c80000)
  from space 18944K, 35% used [0x00000000f2c80000,0x00000000f33052e8,0x00000000f3f00000)
  to   space 17920K, 0% used [0x00000000f4280000,0x00000000f4280000,0x00000000f5400000)
 ParOldGen       total 88576K, used 25417K [0x0000000086800000, 0x000000008be80000, 0x00000000d7800000)
  object space 88576K, 28% used [0x0000000086800000,0x00000000880d2400,0x000000008be80000)
 Metaspace       used 59838K, capacity 63210K, committed 63512K, reserved 1103872K
  class space    used 8335K, capacity 8948K, committed 9000K, reserved 1048576K
Event: 219.060 GC heap after
Heap after GC invocations=18 (full 5):
 PSYoungGen      total 465920K, used 0K [0x00000000d7800000, 0x00000000f5400000, 0x0000000100000000)
  eden space 446976K, 0% used [0x00000000d7800000,0x00000000d7800000,0x00000000f2c80000)
  from space 18944K, 0% used [0x00000000f2c80000,0x00000000f2c80000,0x00000000f3f00000)
  to   space 17920K, 0% used [0x00000000f4280000,0x00000000f4280000,0x00000000f5400000)
 ParOldGen       total 88576K, used 25044K [0x0000000086800000, 0x000000008be80000, 0x00000000d7800000)
  object space 88576K, 28% used [0x0000000086800000,0x00000000880750f0,0x000000008be80000)
 Metaspace       used 59838K, capacity 63210K, committed 63512K, reserved 1103872K
  class space    used 8335K, capacity 8948K, committed 9000K, reserved 1048576K
}
Event: 490.552 GC heap before
{Heap before GC invocations=19 (full 5):
 PSYoungGen      total 465920K, used 239381K [0x00000000d7800000, 0x00000000f5400000, 0x0000000100000000)
  eden space 446976K, 53% used [0x00000000d7800000,0x00000000e61c5740,0x00000000f2c80000)
  from space 18944K, 0% used [0x00000000f2c80000,0x00000000f2c80000,0x00000000f3f00000)
  to   space 17920K, 0% used [0x00000000f4280000,0x00000000f4280000,0x00000000f5400000)
 ParOldGen       total 88576K, used 25044K [0x0000000086800000, 0x000000008be80000, 0x00000000d7800000)
  object space 88576K, 28% used [0x0000000086800000,0x00000000880750f0,0x000000008be80000)
 Metaspace       used 60202K, capacity 63612K, committed 63896K, reserved 1103872K
  class space    used 8369K, capacity 9006K, committed 9128K, reserved 1048576K
Event: 490.557 GC heap after
Heap after GC invocations=19 (full 5):
 PSYoungGen      total 468480K, used 6583K [0x00000000d7800000, 0x00000000f5300000, 0x0000000100000000)
  eden space 451584K, 0% used [0x00000000d7800000,0x00000000d7800000,0x00000000f3100000)
  from space 16896K, 38% used [0x00000000f4280000,0x00000000f48edde8,0x00000000f5300000)
  to   space 17408K, 0% used [0x00000000f3100000,0x00000000f3100000,0x00000000f4200000)
 ParOldGen       total 88576K, used 25052K [0x0000000086800000, 0x000000008be80000, 0x00000000d7800000)
  object space 88576K, 28% used [0x0000000086800000,0x00000000880770f0,0x000000008be80000)
 Metaspace       used 60202K, capacity 63612K, committed 63896K, reserved 1103872K
  class space    used 8369K, capacity 9006K, committed 9128K, reserved 1048576K
}
Event: 490.557 GC heap before
{Heap before GC invocations=20 (full 6):
 PSYoungGen      total 468480K, used 6583K [0x00000000d7800000, 0x00000000f5300000, 0x0000000100000000)
  eden space 451584K, 0% used [0x00000000d7800000,0x00000000d7800000,0x00000000f3100000)
  from space 16896K, 38% used [0x00000000f4280000,0x00000000f48edde8,0x00000000f5300000)
  to   space 17408K, 0% used [0x00000000f3100000,0x00000000f3100000,0x00000000f4200000)
 ParOldGen       total 88576K, used 25052K [0x0000000086800000, 0x000000008be80000, 0x00000000d7800000)
  object space 88576K, 28% used [0x0000000086800000,0x00000000880770f0,0x000000008be80000)
 Metaspace       used 60202K, capacity 63612K, committed 63896K, reserved 1103872K
  class space    used 8369K, capacity 9006K, committed 9128K, reserved 1048576K
Event: 490.656 GC heap after
Heap after GC invocations=20 (full 6):
 PSYoungGen      total 468480K, used 0K [0x00000000d7800000, 0x00000000f5300000, 0x0000000100000000)
  eden space 451584K, 0% used [0x00000000d7800000,0x00000000d7800000,0x00000000f3100000)
  from space 16896K, 0% used [0x00000000f4280000,0x00000000f4280000,0x00000000f5300000)
  to   space 17408K, 0% used [0x00000000f3100000,0x00000000f3100000,0x00000000f4200000)
 ParOldGen       total 88576K, used 25219K [0x0000000086800000, 0x000000008be80000, 0x00000000d7800000)
  object space 88576K, 28% used [0x0000000086800000,0x00000000880a0cd8,0x000000008be80000)
 Metaspace       used 60200K, capacity 63606K, committed 63896K, reserved 1103872K
  class space    used 8368K, capacity 9004K, committed 9128K, reserved 1048576K
}

Deoptimization events (0 events):
No events

Internal exceptions (10 events):
Event: 491.026 Thread 0x00007f5498004800 Exception <a 'java/lang/ArrayIndexOutOfBoundsException'> (0x00000000dfacb640) thrown at [/HUDSON/workspace/8-2-build-linux-amd64/jdk8u77/6540/hotspot/src/share/vm/runtime/sharedRuntime.cpp, line 605]
Event: 491.037 Thread 0x00007f5498004800 Exception <a 'java/lang/ArrayIndexOutOfBoundsException'> (0x00000000dfdca3c8) thrown at [/HUDSON/workspace/8-2-build-linux-amd64/jdk8u77/6540/hotspot/src/share/vm/runtime/sharedRuntime.cpp, line 605]
Event: 491.037 Thread 0x00007f5498004800 Exception <a 'java/lang/ArrayIndexOutOfBoundsException'> (0x00000000dfdcdd20) thrown at [/HUDSON/workspace/8-2-build-linux-amd64/jdk8u77/6540/hotspot/src/share/vm/runtime/sharedRuntime.cpp, line 605]
Event: 491.037 Thread 0x00007f5498004800 Exception <a 'java/lang/ArrayIndexOutOfBoundsException'> (0x00000000dfdd1538) thrown at [/HUDSON/workspace/8-2-build-linux-amd64/jdk8u77/6540/hotspot/src/share/vm/runtime/sharedRuntime.cpp, line 605]
Event: 491.037 Thread 0x00007f5498004800 Exception <a 'java/lang/ArrayIndexOutOfBoundsException'> (0x00000000dfdd4ac0) thrown at [/HUDSON/workspace/8-2-build-linux-amd64/jdk8u77/6540/hotspot/src/share/vm/runtime/sharedRuntime.cpp, line 605]
Event: 491.037 Thread 0x00007f5498004800 Exception <a 'java/lang/ArrayIndexOutOfBoundsException'> (0x00000000dfdd80d0) thrown at [/HUDSON/workspace/8-2-build-linux-amd64/jdk8u77/6540/hotspot/src/share/vm/runtime/sharedRuntime.cpp, line 605]
Event: 491.037 Thread 0x00007f5498004800 Exception <a 'java/lang/ArrayIndexOutOfBoundsException'> (0x00000000dfddb938) thrown at [/HUDSON/workspace/8-2-build-linux-amd64/jdk8u77/6540/hotspot/src/share/vm/runtime/sharedRuntime.cpp, line 605]
Event: 491.077 Thread 0x00007f5498004800 Exception <a 'java/lang/ArrayIndexOutOfBoundsException'> (0x00000000e0fa0240) thrown at [/HUDSON/workspace/8-2-build-linux-amd64/jdk8u77/6540/hotspot/src/share/vm/runtime/sharedRuntime.cpp, line 605]
Event: 491.085 Thread 0x00007f5498004800 Exception <a 'java/lang/ArrayIndexOutOfBoundsException'> (0x00000000e1188d68) thrown at [/HUDSON/workspace/8-2-build-linux-amd64/jdk8u77/6540/hotspot/src/share/vm/runtime/sharedRuntime.cpp, line 605]
Event: 491.086 Thread 0x00007f5498004800 Exception <a 'java/lang/ArrayIndexOutOfBoundsException'> (0x00000000e11b36c0) thrown at [/HUDSON/workspace/8-2-build-linux-amd64/jdk8u77/6540/hotspot/src/share/vm/runtime/sharedRuntime.cpp, line 605]

Events (10 events):
Event: 506.037 Executing nested VM operation: Deoptimize done
Event: 506.037 Executing VM operation: EnterInterpOnlyMode done
Event: 506.037 Executing VM operation: GetCurrentLocation
Event: 506.037 Executing VM operation: GetCurrentLocation done
Event: 506.037 Executing VM operation: ChangeSingleStep
Event: 506.037 Executing VM operation: ChangeSingleStep done
Event: 506.037 Executing VM operation: GetOrSetLocal
Event: 506.037 Executing VM operation: GetOrSetLocal done
Event: 506.038 Executing VM operation: ChangeSingleStep
Event: 506.038 Executing VM operation: ChangeSingleStep done


Dynamic libraries:
00400000-00401000 r-xp 00000000 08:03 9705925                            /usr/local/java/jdk1.8.0_77/bin/java
00600000-00601000 rw-p 00000000 08:03 9705925                            /usr/local/java/jdk1.8.0_77/bin/java
01982000-019a3000 rw-p 00000000 00:00 0                                  [heap]
86800000-8be80000 rw-p 00000000 00:00 0 
8be80000-d7800000 ---p 00000000 00:00 0 
d7800000-f5300000 rw-p 00000000 00:00 0 
f5300000-100000000 ---p 00000000 00:00 0 
100000000-1008ea000 rw-p 00000000 00:00 0 
1008ea000-140000000 ---p 00000000 00:00 0 
7f5478000000-7f5478134000 rw-p 00000000 00:00 0 
7f5478134000-7f547c000000 ---p 00000000 00:00 0 
7f5480000000-7f5480021000 rw-p 00000000 00:00 0 
7f5480021000-7f5484000000 ---p 00000000 00:00 0 
7f5484000000-7f5484021000 rw-p 00000000 00:00 0 
7f5484021000-7f5488000000 ---p 00000000 00:00 0 
7f5488000000-7f5488021000 rw-p 00000000 00:00 0 
7f5488021000-7f548c000000 ---p 00000000 00:00 0 
7f548c000000-7f548c021000 rw-p 00000000 00:00 0 
7f548c021000-7f5490000000 ---p 00000000 00:00 0 
7f5490000000-7f54900bb000 rw-p 00000000 00:00 0 
7f54900bb000-7f5494000000 ---p 00000000 00:00 0 
7f5494000000-7f54940b0000 rw-p 00000000 00:00 0 
7f54940b0000-7f5498000000 ---p 00000000 00:00 0 
7f5498000000-7f5498025000 rw-p 00000000 00:00 0 
7f5498025000-7f549c000000 ---p 00000000 00:00 0 
7f549c000000-7f549c058000 rw-p 00000000 00:00 0 
7f549c058000-7f54a0000000 ---p 00000000 00:00 0 
7f54a0000000-7f54a014f000 rw-p 00000000 00:00 0 
7f54a014f000-7f54a4000000 ---p 00000000 00:00 0 
7f54a4000000-7f54a41ca000 rw-p 00000000 00:00 0 
7f54a41ca000-7f54a8000000 ---p 00000000 00:00 0 
7f54a8000000-7f54a8021000 rw-p 00000000 00:00 0 
7f54a8021000-7f54ac000000 ---p 00000000 00:00 0 
7f54ac000000-7f54ac070000 rw-p 00000000 00:00 0 
7f54ac070000-7f54b0000000 ---p 00000000 00:00 0 
7f54b0000000-7f54b028c000 rw-p 00000000 00:00 0 
7f54b028c000-7f54b4000000 ---p 00000000 00:00 0 
7f54b4000000-7f54b4021000 rw-p 00000000 00:00 0 
7f54b4021000-7f54b8000000 ---p 00000000 00:00 0 
7f54ba5f2000-7f54ba7b2000 rw-p 00000000 00:00 0 
7f54ba7b2000-7f54ba7f2000 ---p 00000000 00:00 0 
7f54ba7f2000-7f54ba9f2000 rw-p 00000000 00:00 0 
7f54ba9f2000-7f54babee000 rw-p 00000000 00:00 0 
7f54babee000-7f54babf2000 ---p 00000000 00:00 0 
7f54babf2000-7f54babf5000 ---p 00000000 00:00 0 
7f54babf5000-7f54bacf3000 rw-p 00000000 00:00 0 
7f54bacf3000-7f54bacf6000 ---p 00000000 00:00 0 
7f54bacf6000-7f54badf4000 rw-p 00000000 00:00 0 
7f54badf4000-7f54badf7000 ---p 00000000 00:00 0 
7f54badf7000-7f54baef5000 rw-p 00000000 00:00 0 
7f54baef5000-7f54baef8000 ---p 00000000 00:00 0 
7f54baef8000-7f54baff6000 rw-p 00000000 00:00 0 
7f54baff6000-7f54baff9000 ---p 00000000 00:00 0 
7f54baff9000-7f54bb0f7000 rw-p 00000000 00:00 0 
7f54bb0f7000-7f54bb0fa000 ---p 00000000 00:00 0 
7f54bb0fa000-7f54bb1f8000 rw-p 00000000 00:00 0 
7f54bb1f8000-7f54bb1fb000 ---p 00000000 00:00 0 
7f54bb1fb000-7f54bb2f9000 rw-p 00000000 00:00 0 
7f54bb2f9000-7f54bb2fc000 ---p 00000000 00:00 0 
7f54bb2fc000-7f54bb3fa000 rw-p 00000000 00:00 0 
7f54bb3fa000-7f54bb3fd000 ---p 00000000 00:00 0 
7f54bb3fd000-7f54bb4fb000 rw-p 00000000 00:00 0 
7f54bb4fb000-7f54bb4fe000 ---p 00000000 00:00 0 
7f54bb4fe000-7f54bb5fc000 rw-p 00000000 00:00 0 
7f54bb5fc000-7f54bb5ff000 ---p 00000000 00:00 0 
7f54bb5ff000-7f54bb6fd000 rw-p 00000000 00:00 0 
7f54bb6fd000-7f54bb700000 ---p 00000000 00:00 0 
7f54bb700000-7f54bb7fe000 rw-p 00000000 00:00 0 
7f54bb7fe000-7f54bb801000 ---p 00000000 00:00 0 
7f54bb801000-7f54bb8ff000 rw-p 00000000 00:00 0 
7f54bb8ff000-7f54bb902000 ---p 00000000 00:00 0 
7f54bb902000-7f54bbc00000 rw-p 00000000 00:00 0 
7f54bbc00000-7f54bbe00000 rw-p 00000000 00:00 0 
7f54bbe00000-7f54bc000000 rw-p 00000000 00:00 0 
7f54bc000000-7f54bc021000 rw-p 00000000 00:00 0 
7f54bc021000-7f54c0000000 ---p 00000000 00:00 0 
7f54c0000000-7f54c0021000 rw-p 00000000 00:00 0 
7f54c0021000-7f54c4000000 ---p 00000000 00:00 0 
7f54c4000000-7f54c4021000 rw-p 00000000 00:00 0 
7f54c4021000-7f54c8000000 ---p 00000000 00:00 0 
7f54c8000000-7f54c8021000 rw-p 00000000 00:00 0 
7f54c8021000-7f54cc000000 ---p 00000000 00:00 0 
7f54cc000000-7f54cc49a000 rw-p 00000000 00:00 0 
7f54cc49a000-7f54d0000000 ---p 00000000 00:00 0 
7f54d0000000-7f54d0065000 rw-p 00000000 00:00 0 
7f54d0065000-7f54d4000000 ---p 00000000 00:00 0 
7f54d4000000-7f54d4021000 rw-p 00000000 00:00 0 
7f54d4021000-7f54d8000000 ---p 00000000 00:00 0 
7f54d8000000-7f54d93fc000 rw-p 00000000 00:00 0 
7f54d93fc000-7f54dc000000 ---p 00000000 00:00 0 
7f54dc000000-7f54dc021000 rw-p 00000000 00:00 0 
7f54dc021000-7f54e0000000 ---p 00000000 00:00 0 
7f54e0000000-7f54e0021000 rw-p 00000000 00:00 0 
7f54e0021000-7f54e4000000 ---p 00000000 00:00 0 
7f54e4000000-7f54e4021000 rw-p 00000000 00:00 0 
7f54e4021000-7f54e8000000 ---p 00000000 00:00 0 
7f54e8000000-7f54e8021000 rw-p 00000000 00:00 0 
7f54e8021000-7f54ec000000 ---p 00000000 00:00 0 
7f54ec000000-7f54ec5fd000 rw-p 00000000 00:00 0 
7f54ec5fd000-7f54f0000000 ---p 00000000 00:00 0 
7f54f0000000-7f54f0021000 rw-p 00000000 00:00 0 
7f54f0021000-7f54f4000000 ---p 00000000 00:00 0 
7f54f4000000-7f54f4036000 rw-p 00000000 00:00 0 
7f54f4036000-7f54f8000000 ---p 00000000 00:00 0 
7f54f8000000-7f54f8021000 rw-p 00000000 00:00 0 
7f54f8021000-7f54fc000000 ---p 00000000 00:00 0 
7f54fc000000-7f54fc021000 rw-p 00000000 00:00 0 
7f54fc021000-7f5500000000 ---p 00000000 00:00 0 
7f5500000000-7f5500021000 rw-p 00000000 00:00 0 
7f5500021000-7f5504000000 ---p 00000000 00:00 0 
7f5504000000-7f5504021000 rw-p 00000000 00:00 0 
7f5504021000-7f5508000000 ---p 00000000 00:00 0 
7f5508000000-7f55082e1000 rw-p 00000000 00:00 0 
7f55082e1000-7f550c000000 ---p 00000000 00:00 0 
7f550c000000-7f550c021000 rw-p 00000000 00:00 0 
7f550c021000-7f5510000000 ---p 00000000 00:00 0 
7f5510000000-7f5510021000 rw-p 00000000 00:00 0 
7f5510021000-7f5514000000 ---p 00000000 00:00 0 
7f5514000000-7f5514021000 rw-p 00000000 00:00 0 
7f5514021000-7f5518000000 ---p 00000000 00:00 0 
7f5518000000-7f55180c7000 rw-p 00000000 00:00 0 
7f55180c7000-7f551c000000 ---p 00000000 00:00 0 
7f551c000000-7f551c021000 rw-p 00000000 00:00 0 
7f551c021000-7f5520000000 ---p 00000000 00:00 0 
7f552009f000-7f55200a2000 ---p 00000000 00:00 0 
7f55200a2000-7f55203a0000 rw-p 00000000 00:00 0 
7f55203a0000-7f55205a0000 rw-p 00000000 00:00 0 
7f55205a0000-7f55207a0000 rw-p 00000000 00:00 0 
7f55207a0000-7f55207a3000 ---p 00000000 00:00 0 
7f55207a3000-7f5520aa1000 rw-p 00000000 00:00 0 
7f5520aa1000-7f5520aa4000 ---p 00000000 00:00 0 
7f5520aa4000-7f5520ba2000 rw-p 00000000 00:00 0 
7f5520ba2000-7f5520bb8000 r-xp 00000000 08:03 49549753                   /lib/x86_64-linux-gnu/libgcc_s.so.1
7f5520bb8000-7f5520db7000 ---p 00016000 08:03 49549753                   /lib/x86_64-linux-gnu/libgcc_s.so.1
7f5520db7000-7f5520db8000 rw-p 00015000 08:03 49549753                   /lib/x86_64-linux-gnu/libgcc_s.so.1
7f5520db8000-7f5520dea000 r-xp 00000000 08:03 10232421                   /usr/local/java/jdk1.8.0_77/jre/lib/amd64/libsunec.so
7f5520dea000-7f5520fe9000 ---p 00032000 08:03 10232421                   /usr/local/java/jdk1.8.0_77/jre/lib/amd64/libsunec.so
7f5520fe9000-7f5520fef000 rw-p 00031000 08:03 10232421                   /usr/local/java/jdk1.8.0_77/jre/lib/amd64/libsunec.so
7f5520fef000-7f5524000000 rw-p 00000000 00:00 0 
7f5524000000-7f5524021000 rw-p 00000000 00:00 0 
7f5524021000-7f5528000000 ---p 00000000 00:00 0 
7f5528000000-7f5528021000 rw-p 00000000 00:00 0 
7f5528021000-7f552c000000 ---p 00000000 00:00 0 
7f552c000000-7f552c021000 rw-p 00000000 00:00 0 
7f552c021000-7f5530000000 ---p 00000000 00:00 0 
7f553008c000-7f5530092000 r--s 0003f000 08:03 10094304                   /usr/local/java/jdk1.8.0_77/jre/lib/ext/sunjce_provider.jar
7f5530092000-7f5530292000 rw-p 00000000 00:00 0 
7f5530292000-7f5530293000 r--s 00009000 08:03 10094294                   /usr/local/java/jdk1.8.0_77/jre/lib/ext/sunec.jar
7f5530293000-7f5530297000 r--s 0003a000 08:03 10094301                   /usr/local/java/jdk1.8.0_77/jre/lib/ext/sunpkcs11.jar
7f5530297000-7f553029a000 r--s 0001a000 08:03 9965850                    /usr/local/java/jdk1.8.0_77/jre/lib/jce.jar
7f553029a000-7f55302a0000 r--s 002f8000 08:03 9965837                    /usr/local/java/jdk1.8.0_77/jre/lib/charsets.jar
7f55302a0000-7f55304a0000 rw-p 00000000 00:00 0 
7f55304a0000-7f55306a0000 rw-p 00000000 00:00 0 
7f55306a0000-7f55306a3000 ---p 00000000 00:00 0 
7f55306a3000-7f55307a1000 rw-p 00000000 00:00 0 
7f55307a1000-7f55307a4000 ---p 00000000 00:00 0 
7f55307a4000-7f55308a2000 rw-p 00000000 00:00 0 
7f55308a2000-7f55308a5000 ---p 00000000 00:00 0 
7f55308a5000-7f5530ba3000 rw-p 00000000 00:00 0 
7f5530ba3000-7f5530da3000 rw-p 00000000 00:00 0 
7f5530da3000-7f5530fa3000 rw-p 00000000 00:00 0 
7f5530fa3000-7f55311a3000 rw-p 00000000 00:00 0 
7f55311a3000-7f55313a3000 rw-p 00000000 00:00 0 
7f55313a3000-7f55315a3000 rw-p 00000000 00:00 0 
7f55315a3000-7f55317a3000 rw-p 00000000 00:00 0 
7f55317a3000-7f55319a3000 rw-p 00000000 00:00 0 
7f55319a3000-7f5531a39000 r--s 01102000 08:03 10094297                   /usr/local/java/jdk1.8.0_77/jre/lib/ext/jfxrt.jar
7f5531a39000-7f5531c39000 rw-p 00000000 00:00 0 
7f5531c39000-7f5531c3c000 ---p 00000000 00:00 0 
7f5531c3c000-7f5531d3a000 rw-p 00000000 00:00 0 
7f5531d3a000-7f5531d3d000 ---p 00000000 00:00 0 
7f5531d3d000-7f5531e3b000 rw-p 00000000 00:00 0 
7f5531e3b000-7f5531e3e000 ---p 00000000 00:00 0 
7f5531e3e000-7f553213c000 rw-p 00000000 00:00 0 
7f553213c000-7f553213d000 ---p 00000000 00:00 0 
7f553213d000-7f553223d000 rw-p 00000000 00:00 0 
7f553223d000-7f5532240000 ---p 00000000 00:00 0 
7f5532240000-7f553233e000 rw-p 00000000 00:00 0 
7f553233e000-7f5532341000 ---p 00000000 00:00 0 
7f5532341000-7f553243f000 rw-p 00000000 00:00 0 
7f553243f000-7f5532442000 ---p 00000000 00:00 0 
7f5532442000-7f5532540000 rw-p 00000000 00:00 0 
7f5532540000-7f5532544000 r--s 00097000 08:03 9965844                    /usr/local/java/jdk1.8.0_77/jre/lib/jsse.jar
7f5532544000-7f5532545000 r--s 00009000 08:03 33824650                   /home/vishalkumar/.m2/repository/org/thymeleaf/extras/thymeleaf-extras-java8time/3.0.4.RELEASE/thymeleaf-extras-java8time-3.0.4.RELEASE.jar
7f5532545000-7f5532548000 r--s 00028000 08:03 33824648                   /home/vishalkumar/.m2/repository/org/unbescape/unbescape/1.1.6.RELEASE/unbescape-1.1.6.RELEASE.jar
7f5532548000-7f553254d000 r--s 00037000 08:03 33824646                   /home/vishalkumar/.m2/repository/org/attoparser/attoparser/2.0.5.RELEASE/attoparser-2.0.5.RELEASE.jar
7f553254d000-7f553255d000 r--s 000c5000 08:03 33824644                   /home/vishalkumar/.m2/repository/org/thymeleaf/thymeleaf/3.0.11.RELEASE/thymeleaf-3.0.11.RELEASE.jar
7f553255d000-7f5532562000 r--s 00027000 08:03 33824642                   /home/vishalkumar/.m2/repository/org/thymeleaf/thymeleaf-spring5/3.0.11.RELEASE/thymeleaf-spring5-3.0.11.RELEASE.jar
7f5532562000-7f5532563000 r--s 00000000 08:03 33824640                   /home/vishalkumar/.m2/repository/org/springframework/boot/spring-boot-starter-thymeleaf/2.2.1.RELEASE/spring-boot-starter-thymeleaf-2.2.1.RELEASE.jar
7f5532563000-7f553256f000 r--s 00061000 08:03 34081479                   /home/vishalkumar/.m2/repository/org/springframework/security/spring-security-core/5.2.1.RELEASE/spring-security-core-5.2.1.RELEASE.jar
7f553256f000-7f5532570000 r--s 00005000 08:03 34081477                   /home/vishalkumar/.m2/repository/org/springframework/spring-jcl/5.2.1.RELEASE/spring-jcl-5.2.1.RELEASE.jar
7f5532570000-7f553258b000 r--s 00143000 08:03 34081475                   /home/vishalkumar/.m2/repository/org/springframework/spring-core/5.2.1.RELEASE/spring-core-5.2.1.RELEASE.jar
7f553258b000-7f553258f000 r--s 00019000 08:03 34081443                   /home/vishalkumar/.m2/repository/jakarta/xml/bind/jakarta.xml.bind-api/2.3.2/jakarta.xml.bind-api-2.3.2.jar
7f553258f000-7f55325a8000 r--s 00220000 08:03 34081427                   /home/vishalkumar/.m2/repository/mysql/mysql-connector-java/8.0.18/mysql-connector-java-8.0.18.jar
7f55325a8000-7f55325cf000 r--s 0012c000 08:03 34081425                   /home/vishalkumar/.m2/repository/org/springframework/boot/spring-boot-autoconfigure/2.2.1.RELEASE/spring-boot-autoconfigure-2.2.1.RELEASE.jar
7f55325cf000-7f55325e6000 r--s 000e7000 08:03 34081423                   /home/vishalkumar/.m2/repository/org/springframework/boot/spring-boot/2.2.1.RELEASE/spring-boot-2.2.1.RELEASE.jar
7f55325e6000-7f55325ec000 r--s 00030000 08:03 34081421                   /home/vishalkumar/.m2/repository/org/springframework/boot/spring-boot-devtools/2.2.1.RELEASE/spring-boot-devtools-2.2.1.RELEASE.jar
7f55325ec000-7f55325fe000 r--s 000d5000 08:03 34081419                   /home/vishalkumar/.m2/repository/org/springframework/spring-webmvc/5.2.1.RELEASE/spring-webmvc-5.2.1.RELEASE.jar
7f55325fe000-7f553261b000 r--s 0013d000 08:03 34081417                   /home/vishalkumar/.m2/repository/org/springframework/spring-web/5.2.1.RELEASE/spring-web-5.2.1.RELEASE.jar
7f553261b000-7f5532638000 r--s 000fe000 08:03 34081415                   /home/vishalkumar/.m2/repository/org/hibernate/validator/hibernate-validator/6.0.18.Final/hibernate-validator-6.0.18.Final.jar
7f5532638000-7f553263d000 r--s 00012000 08:03 34081413                   /home/vishalkumar/.m2/repository/jakarta/validation/jakarta.validation-api/2.0.1/jakarta.validation-api-2.0.1.jar
7f553263d000-7f553263e000 r--s 00000000 08:03 34081411                   /home/vishalkumar/.m2/repository/org/springframework/boot/spring-boot-starter-validation/2.2.1.RELEASE/spring-boot-starter-validation-2.2.1.RELEASE.jar
7f553263e000-7f5532643000 r--s 0003c000 08:03 34081409                   /home/vishalkumar/.m2/repository/org/apache/tomcat/embed/tomcat-embed-websocket/9.0.27/tomcat-embed-websocket-9.0.27.jar
7f5532643000-7f5532648000 r--s 0003a000 08:03 34081407                   /home/vishalkumar/.m2/repository/org/apache/tomcat/embed/tomcat-embed-el/9.0.27/tomcat-embed-el-9.0.27.jar
7f5532648000-7f5532673000 r--s 0030b000 08:03 34081405                   /home/vishalkumar/.m2/repository/org/apache/tomcat/embed/tomcat-embed-core/9.0.27/tomcat-embed-core-9.0.27.jar
7f5532673000-7f5532674000 r--s 00000000 08:03 34081403                   /home/vishalkumar/.m2/repository/org/springframework/boot/spring-boot-starter-tomcat/2.2.1.RELEASE/spring-boot-starter-tomcat-2.2.1.RELEASE.jar
7f5532674000-7f5532676000 r--s 00001000 08:03 34081401                   /home/vishalkumar/.m2/repository/com/fasterxml/jackson/module/jackson-module-parameter-names/2.10.0/jackson-module-parameter-names-2.10.0.jar
7f5532676000-7f5532679000 r--s 00017000 08:03 34081399                   /home/vishalkumar/.m2/repository/com/fasterxml/jackson/datatype/jackson-datatype-jsr310/2.10.0/jackson-datatype-jsr310-2.10.0.jar
7f5532679000-7f553267b000 r--s 00007000 08:03 34081397                   /home/vishalkumar/.m2/repository/com/fasterxml/jackson/datatype/jackson-datatype-jdk8/2.10.0/jackson-datatype-jdk8-2.10.0.jar
7f553267b000-7f5532680000 r--s 00051000 08:03 34081395                   /home/vishalkumar/.m2/repository/com/fasterxml/jackson/core/jackson-core/2.10.0/jackson-core-2.10.0.jar
7f5532680000-7f5532683000 r--s 0000e000 08:03 34081393                   /home/vishalkumar/.m2/repository/com/fasterxml/jackson/core/jackson-annotations/2.10.0/jackson-annotations-2.10.0.jar
7f5532683000-7f5532699000 r--s 00141000 08:03 34081391                   /home/vishalkumar/.m2/repository/com/fasterxml/jackson/core/jackson-databind/2.10.0/jackson-databind-2.10.0.jar
7f5532699000-7f553269a000 r--s 00000000 08:03 34081389                   /home/vishalkumar/.m2/repository/org/springframework/boot/spring-boot-starter-json/2.2.1.RELEASE/spring-boot-starter-json-2.2.1.RELEASE.jar
7f553269a000-7f553269b000 r--s 00000000 08:03 34081387                   /home/vishalkumar/.m2/repository/org/springframework/boot/spring-boot-starter-web/2.2.1.RELEASE/spring-boot-starter-web-2.2.1.RELEASE.jar
7f553269b000-7f55326a0000 r--s 00040000 08:03 34081385                   /home/vishalkumar/.m2/repository/org/springframework/spring-expression/5.2.1.RELEASE/spring-expression-5.2.1.RELEASE.jar
7f55326a0000-7f55326af000 r--s 0007c000 08:03 34081383                   /home/vishalkumar/.m2/repository/org/springframework/security/spring-security-web/5.2.1.RELEASE/spring-security-web-5.2.1.RELEASE.jar
7f55326af000-7f55326bd000 r--s 000c4000 08:03 34081381                   /home/vishalkumar/.m2/repository/org/springframework/security/spring-security-config/5.2.1.RELEASE/spring-security-config-5.2.1.RELEASE.jar
7f55326bd000-7f55326c6000 r--s 00052000 08:03 34081379                   /home/vishalkumar/.m2/repository/org/springframework/spring-aop/5.2.1.RELEASE/spring-aop-5.2.1.RELEASE.jar
7f55326c6000-7f55326cd000 r--s 00044000 08:03 34081377                   /home/vishalkumar/.m2/repository/org/yaml/snakeyaml/1.25/snakeyaml-1.25.jar
7f55326cd000-7f55326cf000 r--s 00005000 08:03 34081375                   /home/vishalkumar/.m2/repository/jakarta/annotation/jakarta.annotation-api/1.3.5/jakarta.annotation-api-1.3.5.jar
7f55326cf000-7f55326d1000 r--s 00000000 08:03 34081373                   /home/vishalkumar/.m2/repository/org/slf4j/jul-to-slf4j/1.7.29/jul-to-slf4j-1.7.29.jar
7f55326d1000-7f55326d7000 r--s 0003e000 08:03 33686362                   /home/vishalkumar/.m2/repository/org/apache/logging/log4j/log4j-api/2.12.1/log4j-api-2.12.1.jar
7f55326d7000-7f55326d9000 r--s 00003000 08:03 33951279                   /home/vishalkumar/.m2/repository/org/apache/logging/log4j/log4j-to-slf4j/2.12.1/log4j-to-slf4j-2.12.1.jar
7f55326d9000-7f55326e4000 r--s 00069000 08:03 33817738                   /home/vishalkumar/.m2/repository/ch/qos/logback/logback-core/1.2.3/logback-core-1.2.3.jar
7f55326e4000-7f55326ea000 r--s 00041000 08:03 33817736                   /home/vishalkumar/.m2/repository/ch/qos/logback/logback-classic/1.2.3/logback-classic-1.2.3.jar
7f55326ea000-7f55326eb000 r--s 00000000 08:03 33819293                   /home/vishalkumar/.m2/repository/org/springframework/boot/spring-boot-starter-logging/2.2.1.RELEASE/spring-boot-starter-logging-2.2.1.RELEASE.jar
7f55326eb000-7f55326f8000 r--s 0009b000 08:03 34081365                   /home/vishalkumar/.m2/repository/org/springframework/spring-beans/5.2.1.RELEASE/spring-beans-5.2.1.RELEASE.jar
7f55326f8000-7f5532701000 r--s 00044000 08:03 34081363                   /home/vishalkumar/.m2/repository/org/springframework/spring-tx/5.2.1.RELEASE/spring-tx-5.2.1.RELEASE.jar
7f5532701000-7f553271c000 r--s 0010e000 08:03 34081361                   /home/vishalkumar/.m2/repository/org/springframework/spring-context/5.2.1.RELEASE/spring-context-5.2.1.RELEASE.jar
7f553271c000-7f5532735000 r--s 0010f000 08:03 34081357                   /home/vishalkumar/.m2/repository/org/springframework/data/spring-data-commons/2.2.1.RELEASE/spring-data-commons-2.2.1.RELEASE.jar
7f5532735000-7f55327bb000 r--s 0064e000 08:03 34081331                   /home/vishalkumar/.m2/repository/org/hibernate/hibernate-core/5.4.8.Final/hibernate-core-5.4.8.Final.jar
7f55327bb000-7f55327cc000 r-xp 00000000 08:03 10233510                   /usr/local/java/jdk1.8.0_77/jre/lib/amd64/libnio.so
7f55327cc000-7f55329cb000 ---p 00011000 08:03 10233510                   /usr/local/java/jdk1.8.0_77/jre/lib/amd64/libnio.so
7f55329cb000-7f55329cc000 rw-p 00010000 08:03 10233510                   /usr/local/java/jdk1.8.0_77/jre/lib/amd64/libnio.so
7f55329cc000-7f55329e2000 r-xp 00000000 08:03 10233446                   /usr/local/java/jdk1.8.0_77/jre/lib/amd64/libnet.so
7f55329e2000-7f5532be2000 ---p 00016000 08:03 10233446                   /usr/local/java/jdk1.8.0_77/jre/lib/amd64/libnet.so
7f5532be2000-7f5532be3000 rw-p 00016000 08:03 10233446                   /usr/local/java/jdk1.8.0_77/jre/lib/amd64/libnet.so
7f5532be3000-7f5532bec000 r-xp 00000000 08:03 10233515                   /usr/local/java/jdk1.8.0_77/jre/lib/amd64/libmanagement.so
7f5532bec000-7f5532deb000 ---p 00009000 08:03 10233515                   /usr/local/java/jdk1.8.0_77/jre/lib/amd64/libmanagement.so
7f5532deb000-7f5532dec000 rw-p 00008000 08:03 10233515                   /usr/local/java/jdk1.8.0_77/jre/lib/amd64/libmanagement.so
7f5532dec000-7f5532def000 ---p 00000000 00:00 0 
7f5532def000-7f5532eed000 rw-p 00000000 00:00 0 
7f5532eed000-7f5532ef0000 ---p 00000000 00:00 0 
7f5532ef0000-7f5532fee000 rw-p 00000000 00:00 0 
7f5532fee000-7f5532ff1000 ---p 00000000 00:00 0 
7f5532ff1000-7f55330ef000 rw-p 00000000 00:00 0 
7f55330ef000-7f55330f2000 ---p 00000000 00:00 0 
7f55330f2000-7f55331f0000 rw-p 00000000 00:00 0 
7f55331f0000-7f55331f3000 ---p 00000000 00:00 0 
7f55331f3000-7f55332f1000 rw-p 00000000 00:00 0 
7f55332f1000-7f55332f4000 ---p 00000000 00:00 0 
7f55332f4000-7f55333f2000 rw-p 00000000 00:00 0 
7f55333f2000-7f55333f5000 ---p 00000000 00:00 0 
7f55333f5000-7f55334f3000 rw-p 00000000 00:00 0 
7f55334f3000-7f55334f7000 r-xp 00000000 08:03 10232817                   /usr/local/java/jdk1.8.0_77/jre/lib/amd64/libdt_socket.so
7f55334f7000-7f55336f6000 ---p 00004000 08:03 10232817                   /usr/local/java/jdk1.8.0_77/jre/lib/amd64/libdt_socket.so
7f55336f6000-7f55336f7000 rw-p 00003000 08:03 10232817                   /usr/local/java/jdk1.8.0_77/jre/lib/amd64/libdt_socket.so
7f55336f7000-7f55336fa000 ---p 00000000 00:00 0 
7f55336fa000-7f55337f8000 rw-p 00000000 00:00 0 
7f55337f8000-7f55337fb000 ---p 00000000 00:00 0 
7f55337fb000-7f55338f9000 rw-p 00000000 00:00 0 
7f55338f9000-7f55338fc000 ---p 00000000 00:00 0 
7f55338fc000-7f55339fa000 rw-p 00000000 00:00 0 
7f55339fa000-7f55339fb000 ---p 00000000 00:00 0 
7f55339fb000-7f5534000000 rw-p 00000000 00:00 0 
7f5534000000-7f5534021000 rw-p 00000000 00:00 0 
7f5534021000-7f5538000000 ---p 00000000 00:00 0 
7f5538000000-7f5538001000 r--s 00000000 08:03 34081371                   /home/vishalkumar/.m2/repository/org/springframework/boot/spring-boot-starter/2.2.1.RELEASE/spring-boot-starter-2.2.1.RELEASE.jar
7f5538001000-7f5538002000 r--s 00000000 08:03 34081369                   /home/vishalkumar/.m2/repository/org/springframework/boot/spring-boot-starter-security/2.2.1.RELEASE/spring-boot-starter-security-2.2.1.RELEASE.jar
7f5538002000-7f5538004000 r--s 0000a000 08:03 34081367                   /home/vishalkumar/.m2/repository/org/springframework/spring-aspects/5.2.1.RELEASE/spring-aspects-5.2.1.RELEASE.jar
7f5538004000-7f5538006000 r--s 00009000 08:03 33294840                   /home/vishalkumar/.m2/repository/org/slf4j/slf4j-api/1.7.29/slf4j-api-1.7.29.jar
7f5538006000-7f553800b000 r--s 0002d000 08:03 34081359                   /home/vishalkumar/.m2/repository/org/springframework/spring-orm/5.2.1.RELEASE/spring-orm-5.2.1.RELEASE.jar
7f553800b000-7f5538013000 r--s 00052000 08:03 34081355                   /home/vishalkumar/.m2/repository/org/springframework/data/spring-data-jpa/2.2.1.RELEASE/spring-data-jpa-2.2.1.RELEASE.jar
7f5538013000-7f5538018000 r--s 00049000 08:03 34081353                   /home/vishalkumar/.m2/repository/com/sun/xml/fastinfoset/FastInfoset/1.2.16/FastInfoset-1.2.16.jar
7f5538018000-7f553801a000 r--s 00008000 08:03 34081351                   /home/vishalkumar/.m2/repository/org/jvnet/staxex/stax-ex/1.8.1/stax-ex-1.8.1.jar
7f553801a000-7f553801c000 r--s 00005000 08:03 34081349                   /home/vishalkumar/.m2/repository/com/sun/istack/istack-commons-runtime/3.0.8/istack-commons-runtime-3.0.8.jar
7f553801c000-7f5538031000 r--s 000e3000 08:03 34081345                   /home/vishalkumar/.m2/repository/org/glassfish/jaxb/jaxb-runtime/2.3.2/jaxb-runtime-2.3.2.jar
7f5538031000-7f5538079000 r--s 002e9000 08:03 34081337                   /home/vishalkumar/.m2/repository/net/bytebuddy/byte-buddy/1.10.2/byte-buddy-1.10.2.jar
7f5538079000-7f5538092000 r--s 001da000 08:03 34081317                   /home/vishalkumar/.m2/repository/org/aspectj/aspectjweaver/1.9.4/aspectjweaver-1.9.4.jar
7f5538092000-7f5539168000 rw-p 00000000 00:00 0 
7f5539168000-7f5539340000 r--s 03d1e000 08:03 9965839                    /usr/local/java/jdk1.8.0_77/jre/lib/rt.jar
7f5539340000-7f553d000000 rw-p 00000000 00:00 0 
7f553d000000-7f553dc90000 rwxp 00000000 00:00 0 
7f553dc90000-7f554c000000 ---p 00000000 00:00 0 
7f554c000000-7f554c833000 rw-p 00000000 00:00 0 
7f554c833000-7f5550000000 ---p 00000000 00:00 0 
7f5550000000-7f5550002000 r--s 00010000 08:03 34081347                   /home/vishalkumar/.m2/repository/org/glassfish/jaxb/txw2/2.3.2/txw2-2.3.2.jar
7f5550002000-7f5550005000 r--s 00010000 08:03 34081343                   /home/vishalkumar/.m2/repository/org/hibernate/common/hibernate-commons-annotations/5.1.0.Final/hibernate-commons-annotations-5.1.0.Final.jar
7f5550005000-7f555000a000 r--s 0004b000 08:03 34081341                   /home/vishalkumar/.m2/repository/org/dom4j/dom4j/2.1.1/dom4j-2.1.1.jar
7f555000a000-7f555000c000 r--s 0000f000 08:03 34081339                   /home/vishalkumar/.m2/repository/com/fasterxml/classmate/1.5.1/classmate-1.5.1.jar
7f555000c000-7f555000f000 r--s 0002b000 08:03 33294180                   /home/vishalkumar/.m2/repository/org/jboss/jandex/2.0.5.Final/jandex-2.0.5.Final.jar
7f555000f000-7f5550014000 r--s 00068000 08:03 33294176                   /home/vishalkumar/.m2/repository/antlr/antlr/2.7.7/antlr-2.7.7.jar
7f5550014000-7f5550ca5000 rw-p 00000000 00:00 0 
7f5550ca5000-7f5550ca6000 ---p 00000000 00:00 0 
7f5550ca6000-7f5550da6000 rw-p 00000000 00:00 0 
7f5550da6000-7f5550da7000 ---p 00000000 00:00 0 
7f5550da7000-7f5550ea7000 rw-p 00000000 00:00 0 
7f5550ea7000-7f5550ea8000 ---p 00000000 00:00 0 
7f5550ea8000-7f5550fa8000 rw-p 00000000 00:00 0 
7f5550fa8000-7f5550fa9000 ---p 00000000 00:00 0 
7f5550fa9000-7f55510a9000 rw-p 00000000 00:00 0 
7f55510a9000-7f55510aa000 ---p 00000000 00:00 0 
7f55510aa000-7f55511aa000 rw-p 00000000 00:00 0 
7f55511aa000-7f55511ab000 ---p 00000000 00:00 0 
7f55511ab000-7f55512d7000 rw-p 00000000 00:00 0 
7f55512d7000-7f5551533000 ---p 00000000 00:00 0 
7f5551533000-7f555155f000 rw-p 00000000 00:00 0 
7f555155f000-7f55517bb000 ---p 00000000 00:00 0 
7f55517bb000-7f55518a9000 rw-p 00000000 00:00 0 
7f55518a9000-7f55518ff000 ---p 00000000 00:00 0 
7f55518ff000-7f5551933000 rw-p 00000000 00:00 0 
7f5551933000-7f5551cc0000 ---p 00000000 00:00 0 
7f5551cc0000-7f5551cda000 r-xp 00000000 08:03 10233440                   /usr/local/java/jdk1.8.0_77/jre/lib/amd64/libzip.so
7f5551cda000-7f5551eda000 ---p 0001a000 08:03 10233440                   /usr/local/java/jdk1.8.0_77/jre/lib/amd64/libzip.so
7f5551eda000-7f5551edb000 rw-p 0001a000 08:03 10233440                   /usr/local/java/jdk1.8.0_77/jre/lib/amd64/libzip.so
7f5551edb000-7f5551ee6000 r-xp 00000000 08:03 49545694                   /lib/x86_64-linux-gnu/libnss_files-2.23.so
7f5551ee6000-7f55520e5000 ---p 0000b000 08:03 49545694                   /lib/x86_64-linux-gnu/libnss_files-2.23.so
7f55520e5000-7f55520e6000 r--p 0000a000 08:03 49545694                   /lib/x86_64-linux-gnu/libnss_files-2.23.so
7f55520e6000-7f55520e7000 rw-p 0000b000 08:03 49545694                   /lib/x86_64-linux-gnu/libnss_files-2.23.so
7f55520e7000-7f55520ed000 rw-p 00000000 00:00 0 
7f55520ed000-7f55520f8000 r-xp 00000000 08:03 49545698                   /lib/x86_64-linux-gnu/libnss_nis-2.23.so
7f55520f8000-7f55522f7000 ---p 0000b000 08:03 49545698                   /lib/x86_64-linux-gnu/libnss_nis-2.23.so
7f55522f7000-7f55522f8000 r--p 0000a000 08:03 49545698                   /lib/x86_64-linux-gnu/libnss_nis-2.23.so
7f55522f8000-7f55522f9000 rw-p 0000b000 08:03 49545698                   /lib/x86_64-linux-gnu/libnss_nis-2.23.so
7f55522f9000-7f555230f000 r-xp 00000000 08:03 49545678                   /lib/x86_64-linux-gnu/libnsl-2.23.so
7f555230f000-7f555250e000 ---p 00016000 08:03 49545678                   /lib/x86_64-linux-gnu/libnsl-2.23.so
7f555250e000-7f555250f000 r--p 00015000 08:03 49545678                   /lib/x86_64-linux-gnu/libnsl-2.23.so
7f555250f000-7f5552510000 rw-p 00016000 08:03 49545678                   /lib/x86_64-linux-gnu/libnsl-2.23.so
7f5552510000-7f5552512000 rw-p 00000000 00:00 0 
7f5552512000-7f555251a000 r-xp 00000000 08:03 49545689                   /lib/x86_64-linux-gnu/libnss_compat-2.23.so
7f555251a000-7f5552719000 ---p 00008000 08:03 49545689                   /lib/x86_64-linux-gnu/libnss_compat-2.23.so
7f5552719000-7f555271a000 r--p 00007000 08:03 49545689                   /lib/x86_64-linux-gnu/libnss_compat-2.23.so
7f555271a000-7f555271b000 rw-p 00008000 08:03 49545689                   /lib/x86_64-linux-gnu/libnss_compat-2.23.so
7f555271b000-7f55529f3000 r--p 00000000 08:03 9699470                    /usr/lib/locale/locale-archive
7f55529f3000-7f55529f5000 r-xp 00000000 08:03 10232818                   /usr/local/java/jdk1.8.0_77/jre/lib/amd64/libnpt.so
7f55529f5000-7f5552bf5000 ---p 00002000 08:03 10232818                   /usr/local/java/jdk1.8.0_77/jre/lib/amd64/libnpt.so
7f5552bf5000-7f5552bf6000 rw-p 00002000 08:03 10232818                   /usr/local/java/jdk1.8.0_77/jre/lib/amd64/libnpt.so
7f5552bf6000-7f5552c2f000 r-xp 00000000 08:03 10233151                   /usr/local/java/jdk1.8.0_77/jre/lib/amd64/libjdwp.so
7f5552c2f000-7f5552e2e000 ---p 00039000 08:03 10233151                   /usr/local/java/jdk1.8.0_77/jre/lib/amd64/libjdwp.so
7f5552e2e000-7f5552e30000 rw-p 00038000 08:03 10233151                   /usr/local/java/jdk1.8.0_77/jre/lib/amd64/libjdwp.so
7f5552e30000-7f5552e5a000 r-xp 00000000 08:03 10233435                   /usr/local/java/jdk1.8.0_77/jre/lib/amd64/libjava.so
7f5552e5a000-7f555305a000 ---p 0002a000 08:03 10233435                   /usr/local/java/jdk1.8.0_77/jre/lib/amd64/libjava.so
7f555305a000-7f555305c000 rw-p 0002a000 08:03 10233435                   /usr/local/java/jdk1.8.0_77/jre/lib/amd64/libjava.so
7f555305c000-7f5553069000 r-xp 00000000 08:03 10233439                   /usr/local/java/jdk1.8.0_77/jre/lib/amd64/libverify.so
7f5553069000-7f5553269000 ---p 0000d000 08:03 10233439                   /usr/local/java/jdk1.8.0_77/jre/lib/amd64/libverify.so
7f5553269000-7f555326b000 rw-p 0000d000 08:03 10233439                   /usr/local/java/jdk1.8.0_77/jre/lib/amd64/libverify.so
7f555326b000-7f5553272000 r-xp 00000000 08:03 49545699                   /lib/x86_64-linux-gnu/librt-2.23.so
7f5553272000-7f5553471000 ---p 00007000 08:03 49545699                   /lib/x86_64-linux-gnu/librt-2.23.so
7f5553471000-7f5553472000 r--p 00006000 08:03 49545699                   /lib/x86_64-linux-gnu/librt-2.23.so
7f5553472000-7f5553473000 rw-p 00007000 08:03 49545699                   /lib/x86_64-linux-gnu/librt-2.23.so
7f5553473000-7f555357b000 r-xp 00000000 08:03 49545244                   /lib/x86_64-linux-gnu/libm-2.23.so
7f555357b000-7f555377a000 ---p 00108000 08:03 49545244                   /lib/x86_64-linux-gnu/libm-2.23.so
7f555377a000-7f555377b000 r--p 00107000 08:03 49545244                   /lib/x86_64-linux-gnu/libm-2.23.so
7f555377b000-7f555377c000 rw-p 00108000 08:03 49545244                   /lib/x86_64-linux-gnu/libm-2.23.so
7f555377c000-7f555443b000 r-xp 00000000 08:03 10232825                   /usr/local/java/jdk1.8.0_77/jre/lib/amd64/server/libjvm.so
7f555443b000-7f555463a000 ---p 00cbf000 08:03 10232825                   /usr/local/java/jdk1.8.0_77/jre/lib/amd64/server/libjvm.so
7f555463a000-7f5554713000 rw-p 00cbe000 08:03 10232825                   /usr/local/java/jdk1.8.0_77/jre/lib/amd64/server/libjvm.so
7f5554713000-7f555475c000 rw-p 00000000 00:00 0 
7f555475c000-7f555491c000 r-xp 00000000 08:03 49545681                   /lib/x86_64-linux-gnu/libc-2.23.so
7f555491c000-7f5554b1c000 ---p 001c0000 08:03 49545681                   /lib/x86_64-linux-gnu/libc-2.23.so
7f5554b1c000-7f5554b20000 r--p 001c0000 08:03 49545681                   /lib/x86_64-linux-gnu/libc-2.23.so
7f5554b20000-7f5554b22000 rw-p 001c4000 08:03 49545681                   /lib/x86_64-linux-gnu/libc-2.23.so
7f5554b22000-7f5554b26000 rw-p 00000000 00:00 0 
7f5554b26000-7f5554b29000 r-xp 00000000 08:03 49545683                   /lib/x86_64-linux-gnu/libdl-2.23.so
7f5554b29000-7f5554d28000 ---p 00003000 08:03 49545683                   /lib/x86_64-linux-gnu/libdl-2.23.so
7f5554d28000-7f5554d29000 r--p 00002000 08:03 49545683                   /lib/x86_64-linux-gnu/libdl-2.23.so
7f5554d29000-7f5554d2a000 rw-p 00003000 08:03 49545683                   /lib/x86_64-linux-gnu/libdl-2.23.so
7f5554d2a000-7f5554d3f000 r-xp 00000000 08:03 9964343                    /usr/local/java/jdk1.8.0_77/lib/amd64/jli/libjli.so
7f5554d3f000-7f5554f3f000 ---p 00015000 08:03 9964343                    /usr/local/java/jdk1.8.0_77/lib/amd64/jli/libjli.so
7f5554f3f000-7f5554f40000 rw-p 00015000 08:03 9964343                    /usr/local/java/jdk1.8.0_77/lib/amd64/jli/libjli.so
7f5554f40000-7f5554f58000 r-xp 00000000 08:03 49545680                   /lib/x86_64-linux-gnu/libpthread-2.23.so
7f5554f58000-7f5555157000 ---p 00018000 08:03 49545680                   /lib/x86_64-linux-gnu/libpthread-2.23.so
7f5555157000-7f5555158000 r--p 00017000 08:03 49545680                   /lib/x86_64-linux-gnu/libpthread-2.23.so
7f5555158000-7f5555159000 rw-p 00018000 08:03 49545680                   /lib/x86_64-linux-gnu/libpthread-2.23.so
7f5555159000-7f555515d000 rw-p 00000000 00:00 0 
7f555515d000-7f5555183000 r-xp 00000000 08:03 49545679                   /lib/x86_64-linux-gnu/ld-2.23.so
7f5555183000-7f555518d000 r--s 000b4000 08:03 34081335                   /home/vishalkumar/.m2/repository/org/javassist/javassist/3.24.0-GA/javassist-3.24.0-GA.jar
7f555518d000-7f555518f000 r--s 0000d000 08:03 34081333                   /home/vishalkumar/.m2/repository/org/jboss/logging/jboss-logging/3.4.1.Final/jboss-logging-3.4.1.Final.jar
7f555518f000-7f5555190000 r--s 00003000 08:03 34081329                   /home/vishalkumar/.m2/repository/jakarta/transaction/jakarta.transaction-api/1.3.3/jakarta.transaction-api-1.3.3.jar
7f5555190000-7f5555196000 r--s 00023000 08:03 34081327                   /home/vishalkumar/.m2/repository/jakarta/persistence/jakarta.persistence-api/2.2.3/jakarta.persistence-api-2.2.3.jar
7f5555196000-7f5555198000 r--s 00009000 08:03 34081325                   /home/vishalkumar/.m2/repository/jakarta/activation/jakarta.activation-api/1.2.1/jakarta.activation-api-1.2.1.jar
7f5555198000-7f5555262000 rw-p 00000000 00:00 0 
7f5555262000-7f5555265000 ---p 00000000 00:00 0 
7f5555265000-7f5555368000 rw-p 00000000 00:00 0 
7f5555368000-7f5555372000 r--s 0005a000 08:03 34081323                   /home/vishalkumar/.m2/repository/org/springframework/spring-jdbc/5.2.1.RELEASE/spring-jdbc-5.2.1.RELEASE.jar
7f5555372000-7f5555375000 r--s 00023000 08:03 34081321                   /home/vishalkumar/.m2/repository/com/zaxxer/HikariCP/3.4.1/HikariCP-3.4.1.jar
7f5555375000-7f5555376000 r--s 00000000 08:03 34081319                   /home/vishalkumar/.m2/repository/org/springframework/boot/spring-boot-starter-jdbc/2.2.1.RELEASE/spring-boot-starter-jdbc-2.2.1.RELEASE.jar
7f5555376000-7f5555377000 r--s 00000000 08:03 34081315                   /home/vishalkumar/.m2/repository/org/springframework/boot/spring-boot-starter-aop/2.2.1.RELEASE/spring-boot-starter-aop-2.2.1.RELEASE.jar
7f5555377000-7f5555378000 r--s 00000000 08:03 34081313                   /home/vishalkumar/.m2/repository/org/springframework/boot/spring-boot-starter-data-jpa/2.2.1.RELEASE/spring-boot-starter-data-jpa-2.2.1.RELEASE.jar
7f5555378000-7f5555380000 rw-s 00000000 08:03 33294624                   /tmp/hsperfdata_vishalkumar/14024
7f5555380000-7f5555381000 rw-p 00000000 00:00 0 
7f5555381000-7f5555382000 r--p 00000000 00:00 0 
7f5555382000-7f5555383000 r--p 00025000 08:03 49545679                   /lib/x86_64-linux-gnu/ld-2.23.so
7f5555383000-7f5555384000 rw-p 00026000 08:03 49545679                   /lib/x86_64-linux-gnu/ld-2.23.so
7f5555384000-7f5555385000 rw-p 00000000 00:00 0 
7fffb99f3000-7fffb9a16000 rw-p 00000000 00:00 0                          [stack]
7fffb9a37000-7fffb9a3a000 r--p 00000000 00:00 0                          [vvar]
7fffb9a3a000-7fffb9a3c000 r-xp 00000000 00:00 0                          [vdso]
ffffffffff600000-ffffffffff601000 r-xp 00000000 00:00 0                  [vsyscall]

VM Arguments:
jvm_args: -agentlib:jdwp=transport=dt_socket,suspend=y,address=localhost:42613 -Dcom.sun.management.jmxremote -Dcom.sun.management.jmxremote.port=41419 -Dcom.sun.management.jmxremote.authenticate=false -Dcom.sun.management.jmxremote.ssl=false -Djava.rmi.server.hostname=localhost -Dspring.jmx.enabled=true -Dspring.liveBeansView.mbeanDomain -Dspring.application.admin.enabled=true -Djava.security.egd=file:/dev/./urandom -Xverify:none -XX:TieredStopAtLevel=1 -Dfile.encoding=UTF-8 
java_command: com.SpringSecurity.SpringSecurityAppApplication --spring.output.ansi.enabled=always
java_class_path (initial): /home/vishalkumar/git/SpringBootSecurity/SpringSecurityApp/target/classes:/home/vishalkumar/.m2/repository/org/springframework/boot/spring-boot-starter-data-jpa/2.2.1.RELEASE/spring-boot-starter-data-jpa-2.2.1.RELEASE.jar:/home/vishalkumar/.m2/repository/org/springframework/boot/spring-boot-starter-aop/2.2.1.RELEASE/spring-boot-starter-aop-2.2.1.RELEASE.jar:/home/vishalkumar/.m2/repository/org/aspectj/aspectjweaver/1.9.4/aspectjweaver-1.9.4.jar:/home/vishalkumar/.m2/repository/org/springframework/boot/spring-boot-starter-jdbc/2.2.1.RELEASE/spring-boot-starter-jdbc-2.2.1.RELEASE.jar:/home/vishalkumar/.m2/repository/com/zaxxer/HikariCP/3.4.1/HikariCP-3.4.1.jar:/home/vishalkumar/.m2/repository/org/springframework/spring-jdbc/5.2.1.RELEASE/spring-jdbc-5.2.1.RELEASE.jar:/home/vishalkumar/.m2/repository/jakarta/activation/jakarta.activation-api/1.2.1/jakarta.activation-api-1.2.1.jar:/home/vishalkumar/.m2/repository/jakarta/persistence/jakarta.persistence-api/2.2.3/jakarta.persistence-api-2.2.3.jar:/home/vishalkumar/.m2/repository/jakarta/transaction/jakarta.transaction-api/1.3.3/jakarta.transaction-api-1.3.3.jar:/home/vishalkumar/.m2/repository/org/hibernate/hibernate-core/5.4.8.Final/hibernate-core-5.4.8.Final.jar:/home/vishalkumar/.m2/repository/org/jboss/logging/jboss-logging/3.4.1.Final/jboss-logging-3.4.1.Final.jar:/home/vishalkumar/.m2/repository/org/javassist/javassist/3.24.0-GA/javassist-3.24.0-GA.jar:/home/vishalkumar/.m2/repository/net/bytebuddy/byte-buddy/1.10.2/byte-buddy-1.10.2.jar:/home/vishalkumar/.m2/repository/antlr/antlr/2.7.7/antlr-2.7.7.jar:/home/vishalkumar/.m2/repository/org/jboss/jandex/2.0.5.Final/jandex-2.0.5.Final.jar:/home/vishalkumar/.m2/repository/com/fasterxml/classmate/1.5.1/classmate-1.5.1.jar:/home/vishalkumar/.m2/repository/org/dom4j/dom4j/2.1.1/dom4j-2.1.1.jar:/home/vishalkumar/.m2/repository/org/hibernate/common/hibernate-commons-annotations/5.1.0.Final/hibernate-commons-annotations-5.1.0.Final.jar:/home/vis
Launcher Type: SUN_STANDARD

Environment Variables:
JAVA_HOME=/usr/local/java/jdk1.8.0_77
JRE_HOME=/usr/local/java/jdk1.8.0_77/jre
PATH=/home/vishalkumar/bin:/home/vishalkumar/.local/bin:/usr/local/sbin:/usr/local/bin:/usr/sbin:/usr/bin:/sbin:/bin:/usr/games:/usr/local/games:/snap/bin:/usr/local/java/jdk1.8.0_77/jre/bin:/usr/local/java/jdk1.8.0_77/bin
SHELL=/bin/bash
DISPLAY=:0

Signal Handlers:
SIGSEGV: [libjvm.so+0xabb070], sa_mask[0]=11111111011111111101111111111110, sa_flags=SA_RESTART|SA_SIGINFO
SIGBUS: [libjvm.so+0xabb070], sa_mask[0]=11111111011111111101111111111110, sa_flags=SA_RESTART|SA_SIGINFO
SIGFPE: [libjvm.so+0x918480], sa_mask[0]=11111111011111111101111111111110, sa_flags=SA_RESTART|SA_SIGINFO
SIGPIPE: [libjvm.so+0x918480], sa_mask[0]=11111111011111111101111111111110, sa_flags=SA_RESTART|SA_SIGINFO
SIGXFSZ: [libjvm.so+0x918480], sa_mask[0]=11111111011111111101111111111110, sa_flags=SA_RESTART|SA_SIGINFO
SIGILL: [libjvm.so+0x918480], sa_mask[0]=11111111011111111101111111111110, sa_flags=SA_RESTART|SA_SIGINFO
SIGUSR1: SIG_DFL, sa_mask[0]=00000000000000000000000000000000, sa_flags=none
SIGUSR2: [libjvm.so+0x919ab0], sa_mask[0]=00100000000000000000000000000000, sa_flags=SA_RESTART|SA_SIGINFO
SIGHUP: [libjvm.so+0x91aeb0], sa_mask[0]=11111111011111111101111111111110, sa_flags=SA_RESTART|SA_SIGINFO
SIGINT: [libjvm.so+0x91aeb0], sa_mask[0]=11111111011111111101111111111110, sa_flags=SA_RESTART|SA_SIGINFO
SIGTERM: [libjvm.so+0x91aeb0], sa_mask[0]=11111111011111111101111111111110, sa_flags=SA_RESTART|SA_SIGINFO
SIGQUIT: [libjvm.so+0x91aeb0], sa_mask[0]=11111111011111111101111111111110, sa_flags=SA_RESTART|SA_SIGINFO


---------------  S Y S T E M  ---------------

OS:DISTRIB_ID=Ubuntu
DISTRIB_RELEASE=16.04
DISTRIB_CODENAME=xenial
DISTRIB_DESCRIPTION="Ubuntu 16.04.3 LTS"

uname:Linux 4.15.0-70-generic #79~16.04.1-Ubuntu SMP Tue Nov 12 14:01:10 UTC 2019 x86_64
libc:glibc 2.23 NPTL 2.23 
rlimit: STACK 8192k, CORE 0k, NPROC 30668, NOFILE 1048576, AS infinity
load average:0.46 1.14 1.13

/proc/meminfo:
MemTotal:        7959572 kB
MemFree:         1410884 kB
MemAvailable:    3377084 kB
Buffers:          361340 kB
Cached:          2204236 kB
SwapCached:            0 kB
Active:          4588228 kB
Inactive:        1498016 kB
Active(anon):    3522000 kB
Inactive(anon):   539328 kB
Active(file):    1066228 kB
Inactive(file):   958688 kB
Unevictable:         168 kB
Mlocked:             168 kB
SwapTotal:       7969788 kB
SwapFree:        7969788 kB
Dirty:               208 kB
Writeback:             0 kB
AnonPages:       3520932 kB
Mapped:           727708 kB
Shmem:            540660 kB
Slab:             308144 kB
SReclaimable:     245800 kB
SUnreclaim:        62344 kB
KernelStack:       17392 kB
PageTables:        69544 kB
NFS_Unstable:          0 kB
Bounce:                0 kB
WritebackTmp:          0 kB
CommitLimit:    11949572 kB
Committed_AS:   11884836 kB
VmallocTotal:   34359738367 kB
VmallocUsed:           0 kB
VmallocChunk:          0 kB
HardwareCorrupted:     0 kB
AnonHugePages:         0 kB
ShmemHugePages:        0 kB
ShmemPmdMapped:        0 kB
CmaTotal:              0 kB
CmaFree:               0 kB
HugePages_Total:       0
HugePages_Free:        0
HugePages_Rsvd:        0
HugePages_Surp:        0
Hugepagesize:       2048 kB
DirectMap4k:      217688 kB
DirectMap2M:     6914048 kB
DirectMap1G:     1048576 kB


CPU:total 6 (6 cores per cpu, 1 threads per core) family 6 model 158 stepping 10, cmov, cx8, fxsr, mmx, sse, sse2, sse3, ssse3, sse4.1, sse4.2, popcnt, avx, avx2, aes, clmul, erms, rtm, 3dnowpref, lzcnt, tsc, tscinvbit, bmi1, bmi2, adx

/proc/cpuinfo:
processor	: 0
vendor_id	: GenuineIntel
cpu family	: 6
model		: 158
model name	: Intel(R) Core(TM) i5-8500 CPU @ 3.00GHz
stepping	: 10
microcode	: 0xca
cpu MHz		: 3900.000
cache size	: 9216 KB
physical id	: 0
siblings	: 6
core id		: 0
cpu cores	: 6
apicid		: 0
initial apicid	: 0
fpu		: yes
fpu_exception	: yes
cpuid level	: 22
wp		: yes
flags		: fpu vme de pse tsc msr pae mce cx8 apic sep mtrr pge mca cmov pat pse36 clflush dts acpi mmx fxsr sse sse2 ss ht tm pbe syscall nx pdpe1gb rdtscp lm constant_tsc art arch_perfmon pebs bts rep_good nopl xtopology nonstop_tsc cpuid aperfmperf tsc_known_freq pni pclmulqdq dtes64 monitor ds_cpl vmx smx est tm2 ssse3 sdbg fma cx16 xtpr pdcm pcid sse4_1 sse4_2 x2apic movbe popcnt tsc_deadline_timer aes xsave avx f16c rdrand lahf_lm abm 3dnowprefetch cpuid_fault epb invpcid_single pti ssbd ibrs ibpb stibp tpr_shadow vnmi flexpriority ept vpid fsgsbase tsc_adjust bmi1 hle avx2 smep bmi2 erms invpcid rtm mpx rdseed adx smap clflushopt intel_pt xsaveopt xsavec xgetbv1 xsaves dtherm ida arat pln pts hwp hwp_notify hwp_act_window hwp_epp md_clear flush_l1d
bugs		: cpu_meltdown spectre_v1 spectre_v2 spec_store_bypass l1tf mds swapgs taa itlb_multihit
bogomips	: 6000.00
clflush size	: 64
cache_alignment	: 64
address sizes	: 39 bits physical, 48 bits virtual
power management:

processor	: 1
vendor_id	: GenuineIntel
cpu family	: 6
model		: 158
model name	: Intel(R) Core(TM) i5-8500 CPU @ 3.00GHz
stepping	: 10
microcode	: 0xca
cpu MHz		: 3900.092
cache size	: 9216 KB
physical id	: 0
siblings	: 6
core id		: 1
cpu cores	: 6
apicid		: 2
initial apicid	: 2
fpu		: yes
fpu_exception	: yes
cpuid level	: 22
wp		: yes
flags		: fpu vme de pse tsc msr pae mce cx8 apic sep mtrr pge mca cmov pat pse36 clflush dts acpi mmx fxsr sse sse2 ss ht tm pbe syscall nx pdpe1gb rdtscp lm constant_tsc art arch_perfmon pebs bts rep_good nopl xtopology nonstop_tsc cpuid aperfmperf tsc_known_freq pni pclmulqdq dtes64 monitor ds_cpl vmx smx est tm2 ssse3 sdbg fma cx16 xtpr pdcm pcid sse4_1 sse4_2 x2apic movbe popcnt tsc_deadline_timer aes xsave avx f16c rdrand lahf_lm abm 3dnowprefetch cpuid_fault epb invpcid_single pti ssbd ibrs ibpb stibp tpr_shadow vnmi flexpriority ept vpid fsgsbase tsc_adjust bmi1 hle avx2 smep bmi2 erms invpcid rtm mpx rdseed adx smap clflushopt intel_pt xsaveopt xsavec xgetbv1 xsaves dtherm ida arat pln pts hwp hwp_notify hwp_act_window hwp_epp flush_l1d
bugs		: cpu_meltdown spectre_v1 spectre_v2 spec_store_bypass l1tf mds swapgs taa itlb_multihit
bogomips	: 6000.00
clflush size	: 64
cache_alignment	: 64
address sizes	: 39 bits physical, 48 bits virtual
power management:

processor	: 2
vendor_id	: GenuineIntel
cpu family	: 6
model		: 158
model name	: Intel(R) Core(TM) i5-8500 CPU @ 3.00GHz
stepping	: 10
microcode	: 0xca
cpu MHz		: 3900.030
cache size	: 9216 KB
physical id	: 0
siblings	: 6
core id		: 2
cpu cores	: 6
apicid		: 4
initial apicid	: 4
fpu		: yes
fpu_exception	: yes
cpuid level	: 22
wp		: yes
flags		: fpu vme de pse tsc msr pae mce cx8 apic sep mtrr pge mca cmov pat pse36 clflush dts acpi mmx fxsr sse sse2 ss ht tm pbe syscall nx pdpe1gb rdtscp lm constant_tsc art arch_perfmon pebs bts rep_good nopl xtopology nonstop_tsc cpuid aperfmperf tsc_known_freq pni pclmulqdq dtes64 monitor ds_cpl vmx smx est tm2 ssse3 sdbg fma cx16 xtpr pdcm pcid sse4_1 sse4_2 x2apic movbe popcnt tsc_deadline_timer aes xsave avx f16c rdrand lahf_lm abm 3dnowprefetch cpuid_fault epb invpcid_single pti ssbd ibrs ibpb stibp tpr_shadow vnmi flexpriority ept vpid fsgsbase tsc_adjust bmi1 hle avx2 smep bmi2 erms invpcid rtm mpx rdseed adx smap clflushopt intel_pt xsaveopt xsavec xgetbv1 xsaves dtherm ida arat pln pts hwp hwp_notify hwp_act_window hwp_epp flush_l1d
bugs		: cpu_meltdown spectre_v1 spectre_v2 spec_store_bypass l1tf mds swapgs taa itlb_multihit
bogomips	: 6000.00
clflush size	: 64
cache_alignment	: 64
address sizes	: 39 bits physical, 48 bits virtual
power management:

processor	: 3
vendor_id	: GenuineIntel
cpu family	: 6
model		: 158
model name	: Intel(R) Core(TM) i5-8500 CPU @ 3.00GHz
stepping	: 10
microcode	: 0xca
cpu MHz		: 3900.174
cache size	: 9216 KB
physical id	: 0
siblings	: 6
core id		: 3
cpu cores	: 6
apicid		: 6
initial apicid	: 6
fpu		: yes
fpu_exception	: yes
cpuid level	: 22
wp		: yes
flags		: fpu vme de pse tsc msr pae mce cx8 apic sep mtrr pge mca cmov pat pse36 clflush dts acpi mmx fxsr sse sse2 ss ht tm pbe syscall nx pdpe1gb rdtscp lm constant_tsc art arch_perfmon pebs bts rep_good nopl xtopology nonstop_tsc cpuid aperfmperf tsc_known_freq pni pclmulqdq dtes64 monitor ds_cpl vmx smx est tm2 ssse3 sdbg fma cx16 xtpr pdcm pcid sse4_1 sse4_2 x2apic movbe popcnt tsc_deadline_timer aes xsave avx f16c rdrand lahf_lm abm 3dnowprefetch cpuid_fault epb invpcid_single pti ssbd ibrs ibpb stibp tpr_shadow vnmi flexpriority ept vpid fsgsbase tsc_adjust bmi1 hle avx2 smep bmi2 erms invpcid rtm mpx rdseed adx smap clflushopt intel_pt xsaveopt xsavec xgetbv1 xsaves dtherm ida arat pln pts hwp hwp_notify hwp_act_window hwp_epp flush_l1d
bugs		: cpu_meltdown spectre_v1 spectre_v2 spec_store_bypass l1tf mds swapgs taa itlb_multihit
bogomips	: 6000.00
clflush size	: 64
cache_alignment	: 64
address sizes	: 39 bits physical, 48 bits virtual
power management:

processor	: 4
vendor_id	: GenuineIntel
cpu family	: 6
model		: 158
model name	: Intel(R) Core(TM) i5-8500 CPU @ 3.00GHz
stepping	: 10
microcode	: 0xca
cpu MHz		: 3900.073
cache size	: 9216 KB
physical id	: 0
siblings	: 6
core id		: 4
cpu cores	: 6
apicid		: 8
initial apicid	: 8
fpu		: yes
fpu_exception	: yes
cpuid level	: 22
wp		: yes
flags		: fpu vme de pse tsc msr pae mce cx8 apic sep mtrr pge mca cmov pat pse36 clflush dts acpi mmx fxsr sse sse2 ss ht tm pbe syscall nx pdpe1gb rdtscp lm constant_tsc art arch_perfmon pebs bts rep_good nopl xtopology nonstop_tsc cpuid aperfmperf tsc_known_freq pni pclmulqdq dtes64 monitor ds_cpl vmx smx est tm2 ssse3 sdbg fma cx16 xtpr pdcm pcid sse4_1 sse4_2 x2apic movbe popcnt tsc_deadline_timer aes xsave avx f16c rdrand lahf_lm abm 3dnowprefetch cpuid_fault epb invpcid_single pti ssbd ibrs ibpb stibp tpr_shadow vnmi flexpriority ept vpid fsgsbase tsc_adjust bmi1 hle avx2 smep bmi2 erms invpcid rtm mpx rdseed adx smap clflushopt intel_pt xsaveopt xsavec xgetbv1 xsaves dtherm ida arat pln pts hwp hwp_notify hwp_act_window hwp_epp flush_l1d
bugs		: cpu_meltdown spectre_v1 spectre_v2 spec_store_bypass l1tf mds swapgs taa itlb_multihit
bogomips	: 6000.00
clflush size	: 64
cache_alignment	: 64
address sizes	: 39 bits physical, 48 bits virtual
power management:

processor	: 5
vendor_id	: GenuineIntel
cpu family	: 6
model		: 158
model name	: Intel(R) Core(TM) i5-8500 CPU @ 3.00GHz
stepping	: 10
microcode	: 0xca
cpu MHz		: 3900.000
cache size	: 9216 KB
physical id	: 0
siblings	: 6
core id		: 5
cpu cores	: 6
apicid		: 10
initial apicid	: 10
fpu		: yes
fpu_exception	: yes
cpuid level	: 22
wp		: yes
flags		: fpu vme de pse tsc msr pae mce cx8 apic sep mtrr pge mca cmov pat pse36 clflush dts acpi mmx fxsr sse sse2 ss ht tm pbe syscall nx pdpe1gb rdtscp lm constant_tsc art arch_perfmon pebs bts rep_good nopl xtopology nonstop_tsc cpuid aperfmperf tsc_known_freq pni pclmulqdq dtes64 monitor ds_cpl vmx smx est tm2 ssse3 sdbg fma cx16 xtpr pdcm pcid sse4_1 sse4_2 x2apic movbe popcnt tsc_deadline_timer aes xsave avx f16c rdrand lahf_lm abm 3dnowprefetch cpuid_fault epb invpcid_single pti ssbd ibrs ibpb stibp tpr_shadow vnmi flexpriority ept vpid fsgsbase tsc_adjust bmi1 hle avx2 smep bmi2 erms invpcid rtm mpx rdseed adx smap clflushopt intel_pt xsaveopt xsavec xgetbv1 xsaves dtherm ida arat pln pts hwp hwp_notify hwp_act_window hwp_epp flush_l1d
bugs		: cpu_meltdown spectre_v1 spectre_v2 spec_store_bypass l1tf mds swapgs taa itlb_multihit
bogomips	: 6000.00
clflush size	: 64
cache_alignment	: 64
address sizes	: 39 bits physical, 48 bits virtual
power management:



Memory: 4k page, physical 7959572k(1410876k free), swap 7969788k(7969788k free)

vm_info: Java HotSpot(TM) 64-Bit Server VM (25.77-b03) for linux-amd64 JRE (1.8.0_77-b03), built on Mar 20 2016 22:00:46 by "java_re" with gcc 4.3.0 20080428 (Red Hat 4.3.0-8)

time: Mon Dec  9 18:32:22 2019
elapsed time: 506 seconds (0d 0h 8m 26s)

